gpgv: Signature made Thu Oct 18 11:18:13 2018 EDT
gpgv:                using RSA key 3B4FE6ACC0B21F32
gpgv: Good signature from "Ubuntu Archive Automatic Signing Key (2012) <ftpmaster@ubuntu.com>"
dpkg: warning: parsing file '/var/lib/dpkg/status' near line 5 package 'dpkg':
 missing description
dpkg: warning: parsing file '/var/lib/dpkg/status' near line 5 package 'dpkg':
 missing architecture
Selecting previously unselected package base-passwd.
(Reading database ... 0 files and directories currently installed.)
Preparing to unpack .../base-passwd_3.5.45_amd64.deb ...
Unpacking base-passwd (3.5.45) ...
dpkg: base-passwd: dependency problems, but configuring anyway as you requested:
 base-passwd depends on libc6 (>= 2.8); however:
  Package libc6 is not installed.
 base-passwd depends on libdebconfclient0 (>= 0.145); however:
  Package libdebconfclient0 is not installed.

Setting up base-passwd (3.5.45) ...
dpkg: warning: parsing file '/var/lib/dpkg/status' near line 24 package 'dpkg':
 missing description
dpkg: warning: parsing file '/var/lib/dpkg/status' near line 24 package 'dpkg':
 missing architecture
Selecting previously unselected package base-files.
dpkg: regarding .../base-files_10.1ubuntu7_amd64.deb containing base-files, pre-dependency problem:
 base-files pre-depends on awk
  awk is not installed.

dpkg: warning: ignoring pre-dependency problem!
(Reading database ... 41 files and directories currently installed.)
Preparing to unpack .../base-files_10.1ubuntu7_amd64.deb ...
Unpacking base-files (10.1ubuntu7) ...
dpkg: base-files: dependency problems, but configuring anyway as you requested:
 base-files depends on awk; however:
  Package awk is not installed.
 base-files depends on libc6 (>= 2.3.4); however:
  Package libc6 is not installed.

Setting up base-files (10.1ubuntu7) ...
dpkg: warning: parsing file '/var/lib/dpkg/status' near line 60 package 'dpkg':
 missing description
dpkg: warning: parsing file '/var/lib/dpkg/status' near line 60 package 'dpkg':
 missing architecture
dpkg: regarding .../dpkg_1.19.0.5ubuntu5_amd64.deb containing dpkg, pre-dependency problem:
 dpkg pre-depends on libbz2-1.0
  libbz2-1.0 is not installed.

dpkg: warning: ignoring pre-dependency problem!
dpkg: regarding .../dpkg_1.19.0.5ubuntu5_amd64.deb containing dpkg, pre-dependency problem:
 dpkg pre-depends on libc6 (>= 2.14)
  libc6 is not installed.

dpkg: warning: ignoring pre-dependency problem!
dpkg: regarding .../dpkg_1.19.0.5ubuntu5_amd64.deb containing dpkg, pre-dependency problem:
 dpkg pre-depends on liblzma5 (>= 5.2.2)
  liblzma5 is not installed.

dpkg: warning: ignoring pre-dependency problem!
dpkg: regarding .../dpkg_1.19.0.5ubuntu5_amd64.deb containing dpkg, pre-dependency problem:
 dpkg pre-depends on libselinux1 (>= 2.3)
  libselinux1 is not installed.

dpkg: warning: ignoring pre-dependency problem!
dpkg: regarding .../dpkg_1.19.0.5ubuntu5_amd64.deb containing dpkg, pre-dependency problem:
 dpkg pre-depends on libzstd1 (>= 1.3.2)
  libzstd1 is not installed.

dpkg: warning: ignoring pre-dependency problem!
dpkg: regarding .../dpkg_1.19.0.5ubuntu5_amd64.deb containing dpkg, pre-dependency problem:
 dpkg pre-depends on zlib1g (>= 1:1.1.4)
  zlib1g is not installed.

dpkg: warning: ignoring pre-dependency problem!
(Reading database ... 134 files and directories currently installed.)
Preparing to unpack .../dpkg_1.19.0.5ubuntu5_amd64.deb ...
Unpacking dpkg (1.19.0.5ubuntu5) over (1.19.0.5ubuntu5) ...
dpkg: dpkg: dependency problems, but configuring anyway as you requested:
 dpkg depends on libbz2-1.0; however:
  Package libbz2-1.0 is not installed.
 dpkg depends on libc6 (>= 2.14); however:
  Package libc6 is not installed.
 dpkg depends on liblzma5 (>= 5.2.2); however:
  Package liblzma5 is not installed.
 dpkg depends on libselinux1 (>= 2.3); however:
  Package libselinux1 is not installed.
 dpkg depends on libzstd1 (>= 1.3.2); however:
  Package libzstd1 is not installed.
 dpkg depends on zlib1g (>= 1:1.1.4); however:
  Package zlib1g is not installed.
 dpkg depends on tar (>= 1.28-1); however:
  Package tar is not installed.

Setting up dpkg (1.19.0.5ubuntu5) ...
Selecting previously unselected package libc6:amd64.
(Reading database ... 382 files and directories currently installed.)
Preparing to unpack .../libc6_2.28-0ubuntu1_amd64.deb ...
Unpacking libc6:amd64 (2.28-0ubuntu1) ...
dpkg: libc6:amd64: dependency problems, but configuring anyway as you requested:
 libc6:amd64 depends on libgcc1; however:
  Package libgcc1 is not installed.

Setting up libc6:amd64 (2.28-0ubuntu1) ...
Selecting previously unselected package perl-base.
(Reading database ... 697 files and directories currently installed.)
Preparing to unpack .../perl-base_5.26.2-7_amd64.deb ...
Unpacking perl-base (5.26.2-7) ...
Setting up perl-base (5.26.2-7) ...
Selecting previously unselected package mawk.
(Reading database ... 1344 files and directories currently installed.)
Preparing to unpack .../mawk_1.3.3-17ubuntu3_amd64.deb ...
Unpacking mawk (1.3.3-17ubuntu3) ...
Setting up mawk (1.3.3-17ubuntu3) ...
Selecting previously unselected package debconf.
(Reading database ... 1362 files and directories currently installed.)
Preparing to unpack .../debconf_1.5.69_all.deb ...
Unpacking debconf (1.5.69) ...
Setting up debconf (1.5.69) ...
(Reading database ... 1523 files and directories currently installed.)
Preparing to unpack .../base-files_10.1ubuntu7_amd64.deb ...
Unpacking base-files (10.1ubuntu7) over (10.1ubuntu7) ...
Preparing to unpack .../base-passwd_3.5.45_amd64.deb ...
Unpacking base-passwd (3.5.45) over (3.5.45) ...
Selecting previously unselected package bash.
dpkg: regarding .../bash_4.4.18-2ubuntu3_amd64.deb containing bash, pre-dependency problem:
 bash pre-depends on libtinfo6 (>= 6)
  libtinfo6 is not installed.

dpkg: warning: ignoring pre-dependency problem!
Preparing to unpack .../bash_4.4.18-2ubuntu3_amd64.deb ...
Unpacking bash (4.4.18-2ubuntu3) ...
Selecting previously unselected package bsdutils.
dpkg: regarding .../bsdutils_1%3a2.32-0.1ubuntu2_amd64.deb containing bsdutils, pre-dependency problem:
 bsdutils pre-depends on libsystemd0
  libsystemd0 is not installed.

dpkg: warning: ignoring pre-dependency problem!
Preparing to unpack .../bsdutils_1%3a2.32-0.1ubuntu2_amd64.deb ...
Unpacking bsdutils (1:2.32-0.1ubuntu2) ...
Selecting previously unselected package coreutils.
dpkg: regarding .../coreutils_8.28-1ubuntu2_amd64.deb containing coreutils, pre-dependency problem:
 coreutils pre-depends on libacl1 (>= 2.2.51-8)
  libacl1 is not installed.

dpkg: warning: ignoring pre-dependency problem!
dpkg: regarding .../coreutils_8.28-1ubuntu2_amd64.deb containing coreutils, pre-dependency problem:
 coreutils pre-depends on libattr1 (>= 1:2.4.46-8)
  libattr1 is not installed.

dpkg: warning: ignoring pre-dependency problem!
dpkg: regarding .../coreutils_8.28-1ubuntu2_amd64.deb containing coreutils, pre-dependency problem:
 coreutils pre-depends on libselinux1 (>= 2.1.13)
  libselinux1 is not installed.

dpkg: warning: ignoring pre-dependency problem!
Preparing to unpack .../coreutils_8.28-1ubuntu2_amd64.deb ...
Unpacking coreutils (8.28-1ubuntu2) ...
Selecting previously unselected package dash.
Preparing to unpack .../dash_0.5.8-2.10_amd64.deb ...
No diversion 'diversion of /bin/sh by dash', none removed.
Adding 'diversion of /bin/sh to /bin/sh.distrib by bash'
No diversion 'diversion of /usr/share/man/man1/sh.1.gz by dash', none removed.
Adding 'diversion of /usr/share/man/man1/sh.1.gz to /usr/share/man/man1/sh.distrib.1.gz by bash'
Unpacking dash (0.5.8-2.10) ...
Preparing to unpack .../debconf_1.5.69_all.deb ...
Unpacking debconf (1.5.69) over (1.5.69) ...
Selecting previously unselected package debianutils.
Preparing to unpack .../debianutils_4.8.6_amd64.deb ...
Unpacking debianutils (4.8.6) ...
Selecting previously unselected package diffutils.
Preparing to unpack .../diffutils_1%3a3.6-1_amd64.deb ...
Unpacking diffutils (1:3.6-1) ...
dpkg: regarding .../dpkg_1.19.0.5ubuntu5_amd64.deb containing dpkg, pre-dependency problem:
 dpkg pre-depends on libbz2-1.0
  libbz2-1.0 is not installed.

dpkg: warning: ignoring pre-dependency problem!
dpkg: regarding .../dpkg_1.19.0.5ubuntu5_amd64.deb containing dpkg, pre-dependency problem:
 dpkg pre-depends on liblzma5 (>= 5.2.2)
  liblzma5 is not installed.

dpkg: warning: ignoring pre-dependency problem!
dpkg: regarding .../dpkg_1.19.0.5ubuntu5_amd64.deb containing dpkg, pre-dependency problem:
 dpkg pre-depends on libselinux1 (>= 2.3)
  libselinux1 is not installed.

dpkg: warning: ignoring pre-dependency problem!
dpkg: regarding .../dpkg_1.19.0.5ubuntu5_amd64.deb containing dpkg, pre-dependency problem:
 dpkg pre-depends on libzstd1 (>= 1.3.2)
  libzstd1 is not installed.

dpkg: warning: ignoring pre-dependency problem!
dpkg: regarding .../dpkg_1.19.0.5ubuntu5_amd64.deb containing dpkg, pre-dependency problem:
 dpkg pre-depends on zlib1g (>= 1:1.1.4)
  zlib1g is not installed.

dpkg: warning: ignoring pre-dependency problem!
Preparing to unpack .../dpkg_1.19.0.5ubuntu5_amd64.deb ...
Unpacking dpkg (1.19.0.5ubuntu5) over (1.19.0.5ubuntu5) ...
Selecting previously unselected package e2fsprogs.
dpkg: regarding .../e2fsprogs_1.44.4-2_amd64.deb containing e2fsprogs, pre-dependency problem:
 e2fsprogs pre-depends on libblkid1 (>= 2.17.2)
  libblkid1 is not installed.

dpkg: warning: ignoring pre-dependency problem!
dpkg: regarding .../e2fsprogs_1.44.4-2_amd64.deb containing e2fsprogs, pre-dependency problem:
 e2fsprogs pre-depends on libcom-err2 (>= 1.43.9)
  libcom-err2 is not installed.

dpkg: warning: ignoring pre-dependency problem!
dpkg: regarding .../e2fsprogs_1.44.4-2_amd64.deb containing e2fsprogs, pre-dependency problem:
 e2fsprogs pre-depends on libext2fs2 (= 1.44.4-2)
  libext2fs2 is not installed.

dpkg: warning: ignoring pre-dependency problem!
dpkg: regarding .../e2fsprogs_1.44.4-2_amd64.deb containing e2fsprogs, pre-dependency problem:
 e2fsprogs pre-depends on libss2 (>= 1.38)
  libss2 is not installed.

dpkg: warning: ignoring pre-dependency problem!
dpkg: regarding .../e2fsprogs_1.44.4-2_amd64.deb containing e2fsprogs, pre-dependency problem:
 e2fsprogs pre-depends on libuuid1 (>= 2.16)
  libuuid1 is not installed.

dpkg: warning: ignoring pre-dependency problem!
Preparing to unpack .../e2fsprogs_1.44.4-2_amd64.deb ...
Unpacking e2fsprogs (1.44.4-2) ...
Selecting previously unselected package fdisk.
Preparing to unpack .../fdisk_2.32-0.1ubuntu2_amd64.deb ...
Unpacking fdisk (2.32-0.1ubuntu2) ...
Selecting previously unselected package findutils.
dpkg: regarding .../findutils_4.6.0+git+20180808-2_amd64.deb containing findutils, pre-dependency problem:
 findutils pre-depends on libselinux1 (>= 1.32)
  libselinux1 is not installed.

dpkg: warning: ignoring pre-dependency problem!
Preparing to unpack .../findutils_4.6.0+git+20180808-2_amd64.deb ...
Unpacking findutils (4.6.0+git+20180808-2) ...
Selecting previously unselected package gcc-8-base:amd64.
Preparing to unpack .../gcc-8-base_8.2.0-7ubuntu1_amd64.deb ...
Unpacking gcc-8-base:amd64 (8.2.0-7ubuntu1) ...
Selecting previously unselected package grep.
dpkg: regarding .../grep_3.1-2ubuntu1_amd64.deb containing grep, pre-dependency problem:
 grep pre-depends on libpcre3
  libpcre3 is not installed.

dpkg: warning: ignoring pre-dependency problem!
Preparing to unpack .../grep_3.1-2ubuntu1_amd64.deb ...
Unpacking grep (3.1-2ubuntu1) ...
Selecting previously unselected package gzip.
Preparing to unpack .../gzip_1.6-5ubuntu2_amd64.deb ...
Unpacking gzip (1.6-5ubuntu2) ...
Selecting previously unselected package hostname.
Preparing to unpack .../hostname_3.20_amd64.deb ...
Unpacking hostname (3.20) ...
Selecting previously unselected package init-system-helpers.
Preparing to unpack .../init-system-helpers_1.54_all.deb ...
Unpacking init-system-helpers (1.54) ...
Selecting previously unselected package libacl1:amd64.
Preparing to unpack .../libacl1_2.2.52-3build1_amd64.deb ...
Unpacking libacl1:amd64 (2.2.52-3build1) ...
Selecting previously unselected package libattr1:amd64.
Preparing to unpack .../libattr1_1%3a2.4.47-2build1_amd64.deb ...
Unpacking libattr1:amd64 (1:2.4.47-2build1) ...
Selecting previously unselected package libaudit-common.
Preparing to unpack .../libaudit-common_1%3a2.8.3-1ubuntu2_all.deb ...
Unpacking libaudit-common (1:2.8.3-1ubuntu2) ...
Selecting previously unselected package libaudit1:amd64.
Preparing to unpack .../libaudit1_1%3a2.8.3-1ubuntu2_amd64.deb ...
Unpacking libaudit1:amd64 (1:2.8.3-1ubuntu2) ...
Selecting previously unselected package libblkid1:amd64.
Preparing to unpack .../libblkid1_2.32-0.1ubuntu2_amd64.deb ...
Unpacking libblkid1:amd64 (2.32-0.1ubuntu2) ...
Selecting previously unselected package libbz2-1.0:amd64.
Preparing to unpack .../libbz2-1.0_1.0.6-9_amd64.deb ...
Unpacking libbz2-1.0:amd64 (1.0.6-9) ...
Selecting previously unselected package libc-bin.
Preparing to unpack .../libc-bin_2.28-0ubuntu1_amd64.deb ...
Unpacking libc-bin (2.28-0ubuntu1) ...
Preparing to unpack .../libc6_2.28-0ubuntu1_amd64.deb ...
Unpacking libc6:amd64 (2.28-0ubuntu1) over (2.28-0ubuntu1) ...
Selecting previously unselected package libcap-ng0:amd64.
Preparing to unpack .../libcap-ng0_0.7.9-1_amd64.deb ...
Unpacking libcap-ng0:amd64 (0.7.9-1) ...
Selecting previously unselected package libcom-err2:amd64.
Preparing to unpack .../libcom-err2_1.44.4-2_amd64.deb ...
Unpacking libcom-err2:amd64 (1.44.4-2) ...
Selecting previously unselected package libdb5.3:amd64.
Preparing to unpack .../libdb5.3_5.3.28+dfsg1-0.1_amd64.deb ...
Unpacking libdb5.3:amd64 (5.3.28+dfsg1-0.1) ...
Selecting previously unselected package libdebconfclient0:amd64.
Preparing to unpack .../libdebconfclient0_0.244ubuntu1_amd64.deb ...
Unpacking libdebconfclient0:amd64 (0.244ubuntu1) ...
Selecting previously unselected package libext2fs2:amd64.
Preparing to unpack .../libext2fs2_1.44.4-2_amd64.deb ...
Unpacking libext2fs2:amd64 (1.44.4-2) ...
Selecting previously unselected package libfdisk1:amd64.
Preparing to unpack .../libfdisk1_2.32-0.1ubuntu2_amd64.deb ...
Unpacking libfdisk1:amd64 (2.32-0.1ubuntu2) ...
Selecting previously unselected package libgcc1:amd64.
Preparing to unpack .../libgcc1_1%3a8.2.0-7ubuntu1_amd64.deb ...
Unpacking libgcc1:amd64 (1:8.2.0-7ubuntu1) ...
Selecting previously unselected package libgcrypt20:amd64.
Preparing to unpack .../libgcrypt20_1.8.3-1ubuntu1_amd64.deb ...
Unpacking libgcrypt20:amd64 (1.8.3-1ubuntu1) ...
Selecting previously unselected package libgpg-error0:amd64.
Preparing to unpack .../libgpg-error0_1.32-1_amd64.deb ...
Unpacking libgpg-error0:amd64 (1.32-1) ...
Selecting previously unselected package liblz4-1:amd64.
Preparing to unpack .../liblz4-1_1.8.2-1ubuntu1_amd64.deb ...
Unpacking liblz4-1:amd64 (1.8.2-1ubuntu1) ...
Selecting previously unselected package liblzma5:amd64.
Preparing to unpack .../liblzma5_5.2.2-1.3_amd64.deb ...
Unpacking liblzma5:amd64 (5.2.2-1.3) ...
Selecting previously unselected package libmount1:amd64.
Preparing to unpack .../libmount1_2.32-0.1ubuntu2_amd64.deb ...
Unpacking libmount1:amd64 (2.32-0.1ubuntu2) ...
Selecting previously unselected package libncurses6:amd64.
Preparing to unpack .../libncurses6_6.1+20180210-4ubuntu1_amd64.deb ...
Unpacking libncurses6:amd64 (6.1+20180210-4ubuntu1) ...
Selecting previously unselected package libncursesw6:amd64.
Preparing to unpack .../libncursesw6_6.1+20180210-4ubuntu1_amd64.deb ...
Unpacking libncursesw6:amd64 (6.1+20180210-4ubuntu1) ...
Selecting previously unselected package libpam-modules:amd64.
dpkg: regarding .../libpam-modules_1.1.8-3.6ubuntu2_amd64.deb containing libpam-modules:amd64, pre-dependency problem:
 libpam-modules pre-depends on libaudit1 (>= 1:2.2.1)
  libaudit1:amd64 is unpacked, but has never been configured.

dpkg: warning: ignoring pre-dependency problem!
dpkg: regarding .../libpam-modules_1.1.8-3.6ubuntu2_amd64.deb containing libpam-modules:amd64, pre-dependency problem:
 libpam-modules pre-depends on libdb5.3
  libdb5.3:amd64 is unpacked, but has never been configured.

dpkg: warning: ignoring pre-dependency problem!
dpkg: regarding .../libpam-modules_1.1.8-3.6ubuntu2_amd64.deb containing libpam-modules:amd64, pre-dependency problem:
 libpam-modules pre-depends on libpam0g (>= 1.1.3-2)
  libpam0g is not installed.

dpkg: warning: ignoring pre-dependency problem!
dpkg: regarding .../libpam-modules_1.1.8-3.6ubuntu2_amd64.deb containing libpam-modules:amd64, pre-dependency problem:
 libpam-modules pre-depends on libselinux1 (>= 2.1.9)
  libselinux1 is not installed.

dpkg: warning: ignoring pre-dependency problem!
dpkg: regarding .../libpam-modules_1.1.8-3.6ubuntu2_amd64.deb containing libpam-modules:amd64, pre-dependency problem:
 libpam-modules pre-depends on libpam-modules-bin (= 1.1.8-3.6ubuntu2)
  libpam-modules-bin is not installed.

dpkg: warning: ignoring pre-dependency problem!
Preparing to unpack .../libpam-modules_1.1.8-3.6ubuntu2_amd64.deb ...
Unpacking libpam-modules:amd64 (1.1.8-3.6ubuntu2) ...
Selecting previously unselected package libpam-modules-bin.
Preparing to unpack .../libpam-modules-bin_1.1.8-3.6ubuntu2_amd64.deb ...
Unpacking libpam-modules-bin (1.1.8-3.6ubuntu2) ...
Selecting previously unselected package libpam-runtime.
Preparing to unpack .../libpam-runtime_1.1.8-3.6ubuntu2_all.deb ...
Unpacking libpam-runtime (1.1.8-3.6ubuntu2) ...
Selecting previously unselected package libpam0g:amd64.
Preparing to unpack .../libpam0g_1.1.8-3.6ubuntu2_amd64.deb ...
Unpacking libpam0g:amd64 (1.1.8-3.6ubuntu2) ...
Selecting previously unselected package libpcre3:amd64.
Preparing to unpack .../libpcre3_2%3a8.39-11_amd64.deb ...
Unpacking libpcre3:amd64 (2:8.39-11) ...
Selecting previously unselected package libprocps7:amd64.
Preparing to unpack .../libprocps7_2%3a3.3.15-2ubuntu1_amd64.deb ...
Unpacking libprocps7:amd64 (2:3.3.15-2ubuntu1) ...
Selecting previously unselected package libselinux1:amd64.
Preparing to unpack .../libselinux1_2.8-1build1_amd64.deb ...
Unpacking libselinux1:amd64 (2.8-1build1) ...
Selecting previously unselected package libsemanage-common.
Preparing to unpack .../libsemanage-common_2.8-1build1_all.deb ...
Unpacking libsemanage-common (2.8-1build1) ...
Selecting previously unselected package libsemanage1:amd64.
Preparing to unpack .../libsemanage1_2.8-1build1_amd64.deb ...
Unpacking libsemanage1:amd64 (2.8-1build1) ...
Selecting previously unselected package libsepol1:amd64.
Preparing to unpack .../libsepol1_2.8-1_amd64.deb ...
Unpacking libsepol1:amd64 (2.8-1) ...
Selecting previously unselected package libsmartcols1:amd64.
Preparing to unpack .../libsmartcols1_2.32-0.1ubuntu2_amd64.deb ...
Unpacking libsmartcols1:amd64 (2.32-0.1ubuntu2) ...
Selecting previously unselected package libss2:amd64.
Preparing to unpack .../libss2_1.44.4-2_amd64.deb ...
Unpacking libss2:amd64 (1.44.4-2) ...
Selecting previously unselected package libsystemd0:amd64.
dpkg: regarding .../libsystemd0_239-7ubuntu10_amd64.deb containing libsystemd0:amd64, pre-dependency problem:
 libsystemd0 pre-depends on libgcrypt20 (>= 1.8.0)
  libgcrypt20:amd64 is unpacked, but has never been configured.

dpkg: warning: ignoring pre-dependency problem!
dpkg: regarding .../libsystemd0_239-7ubuntu10_amd64.deb containing libsystemd0:amd64, pre-dependency problem:
 libsystemd0 pre-depends on liblz4-1 (>= 0.0~r113)
  liblz4-1:amd64 is unpacked, but has never been configured.

dpkg: warning: ignoring pre-dependency problem!
dpkg: regarding .../libsystemd0_239-7ubuntu10_amd64.deb containing libsystemd0:amd64, pre-dependency problem:
 libsystemd0 pre-depends on liblzma5 (>= 5.1.1alpha+20120614)
  liblzma5:amd64 is unpacked, but has never been configured.

dpkg: warning: ignoring pre-dependency problem!
Preparing to unpack .../libsystemd0_239-7ubuntu10_amd64.deb ...
Unpacking libsystemd0:amd64 (239-7ubuntu10) ...
Selecting previously unselected package libtinfo6:amd64.
Preparing to unpack .../libtinfo6_6.1+20180210-4ubuntu1_amd64.deb ...
Unpacking libtinfo6:amd64 (6.1+20180210-4ubuntu1) ...
Selecting previously unselected package libudev1:amd64.
Preparing to unpack .../libudev1_239-7ubuntu10_amd64.deb ...
Unpacking libudev1:amd64 (239-7ubuntu10) ...
Selecting previously unselected package libuuid1:amd64.
Preparing to unpack .../libuuid1_2.32-0.1ubuntu2_amd64.deb ...
Unpacking libuuid1:amd64 (2.32-0.1ubuntu2) ...
Selecting previously unselected package libzstd1:amd64.
Preparing to unpack .../libzstd1_1.3.5+dfsg-1ubuntu1_amd64.deb ...
Unpacking libzstd1:amd64 (1.3.5+dfsg-1ubuntu1) ...
Selecting previously unselected package login.
dpkg: regarding .../login_1%3a4.5-1ubuntu1_amd64.deb containing login, pre-dependency problem:
 login pre-depends on libaudit1 (>= 1:2.2.1)
  libaudit1:amd64 is unpacked, but has never been configured.

dpkg: warning: ignoring pre-dependency problem!
dpkg: regarding .../login_1%3a4.5-1ubuntu1_amd64.deb containing login, pre-dependency problem:
 login pre-depends on libpam0g (>= 0.99.7.1)
  libpam0g:amd64 is unpacked, but has never been configured.

dpkg: warning: ignoring pre-dependency problem!
dpkg: regarding .../login_1%3a4.5-1ubuntu1_amd64.deb containing login, pre-dependency problem:
 login pre-depends on libpam-runtime
  libpam-runtime is unpacked, but has never been configured.

dpkg: warning: ignoring pre-dependency problem!
dpkg: regarding .../login_1%3a4.5-1ubuntu1_amd64.deb containing login, pre-dependency problem:
 login pre-depends on libpam-modules (>= 1.1.8-1)
  libpam-modules:amd64 is unpacked, but has never been configured.

dpkg: warning: ignoring pre-dependency problem!
Preparing to unpack .../login_1%3a4.5-1ubuntu1_amd64.deb ...
Unpacking login (1:4.5-1ubuntu1) ...
Selecting previously unselected package lsb-base.
Preparing to unpack .../lsb-base_9.20170808ubuntu1_all.deb ...
Unpacking lsb-base (9.20170808ubuntu1) ...
Preparing to unpack .../mawk_1.3.3-17ubuntu3_amd64.deb ...
Unpacking mawk (1.3.3-17ubuntu3) over (1.3.3-17ubuntu3) ...
Selecting previously unselected package mount.
dpkg: regarding .../mount_2.32-0.1ubuntu2_amd64.deb containing mount, pre-dependency problem:
 mount pre-depends on libblkid1 (>= 2.17.2)
  libblkid1:amd64 is unpacked, but has never been configured.

dpkg: warning: ignoring pre-dependency problem!
dpkg: regarding .../mount_2.32-0.1ubuntu2_amd64.deb containing mount, pre-dependency problem:
 mount pre-depends on libmount1 (>= 2.30.2)
  libmount1:amd64 is unpacked, but has never been configured.

dpkg: warning: ignoring pre-dependency problem!
dpkg: regarding .../mount_2.32-0.1ubuntu2_amd64.deb containing mount, pre-dependency problem:
 mount pre-depends on libsmartcols1 (>= 2.27~rc1)
  libsmartcols1:amd64 is unpacked, but has never been configured.

dpkg: warning: ignoring pre-dependency problem!
Preparing to unpack .../mount_2.32-0.1ubuntu2_amd64.deb ...
Unpacking mount (2.32-0.1ubuntu2) ...
Selecting previously unselected package ncurses-base.
Preparing to unpack .../ncurses-base_6.1+20180210-4ubuntu1_all.deb ...
Unpacking ncurses-base (6.1+20180210-4ubuntu1) ...
Selecting previously unselected package ncurses-bin.
dpkg: regarding .../ncurses-bin_6.1+20180210-4ubuntu1_amd64.deb containing ncurses-bin, pre-dependency problem:
 ncurses-bin pre-depends on libtinfo6 (>= 6.1)
  libtinfo6:amd64 is unpacked, but has never been configured.

dpkg: warning: ignoring pre-dependency problem!
Preparing to unpack .../ncurses-bin_6.1+20180210-4ubuntu1_amd64.deb ...
Unpacking ncurses-bin (6.1+20180210-4ubuntu1) ...
Selecting previously unselected package passwd.
Preparing to unpack .../passwd_1%3a4.5-1ubuntu1_amd64.deb ...
Unpacking passwd (1:4.5-1ubuntu1) ...
Preparing to unpack .../perl-base_5.26.2-7_amd64.deb ...
Unpacking perl-base (5.26.2-7) over (5.26.2-7) ...
Selecting previously unselected package procps.
Preparing to unpack .../procps_2%3a3.3.15-2ubuntu1_amd64.deb ...
Unpacking procps (2:3.3.15-2ubuntu1) ...
Selecting previously unselected package sed.
dpkg: regarding .../archives/sed_4.5-1_amd64.deb containing sed, pre-dependency problem:
 sed pre-depends on libselinux1 (>= 1.32)
  libselinux1:amd64 is unpacked, but has never been configured.

dpkg: warning: ignoring pre-dependency problem!
Preparing to unpack .../archives/sed_4.5-1_amd64.deb ...
Unpacking sed (4.5-1) ...
Selecting previously unselected package sensible-utils.
Preparing to unpack .../sensible-utils_0.0.12_all.deb ...
Unpacking sensible-utils (0.0.12) ...
Selecting previously unselected package sysvinit-utils.
Preparing to unpack .../sysvinit-utils_2.88dsf-59.10ubuntu2_amd64.deb ...
Unpacking sysvinit-utils (2.88dsf-59.10ubuntu2) ...
Selecting previously unselected package tar.
dpkg: regarding .../tar_1.30+dfsg-2_amd64.deb containing tar, pre-dependency problem:
 tar pre-depends on libacl1 (>= 2.2.51-8)
  libacl1:amd64 is unpacked, but has never been configured.

dpkg: warning: ignoring pre-dependency problem!
dpkg: regarding .../tar_1.30+dfsg-2_amd64.deb containing tar, pre-dependency problem:
 tar pre-depends on libselinux1 (>= 1.32)
  libselinux1:amd64 is unpacked, but has never been configured.

dpkg: warning: ignoring pre-dependency problem!
Preparing to unpack .../tar_1.30+dfsg-2_amd64.deb ...
Unpacking tar (1.30+dfsg-2) ...
Selecting previously unselected package util-linux.
dpkg: regarding .../util-linux_2.32-0.1ubuntu2_amd64.deb containing util-linux, pre-dependency problem:
 util-linux pre-depends on libaudit1 (>= 1:2.2.1)
  libaudit1:amd64 is unpacked, but has never been configured.

dpkg: warning: ignoring pre-dependency problem!
dpkg: regarding .../util-linux_2.32-0.1ubuntu2_amd64.deb containing util-linux, pre-dependency problem:
 util-linux pre-depends on libblkid1 (>= 2.31.1)
  libblkid1:amd64 is unpacked, but has never been configured.

dpkg: warning: ignoring pre-dependency problem!
dpkg: regarding .../util-linux_2.32-0.1ubuntu2_amd64.deb containing util-linux, pre-dependency problem:
 util-linux pre-depends on libmount1 (>= 2.25)
  libmount1:amd64 is unpacked, but has never been configured.

dpkg: warning: ignoring pre-dependency problem!
dpkg: regarding .../util-linux_2.32-0.1ubuntu2_amd64.deb containing util-linux, pre-dependency problem:
 util-linux pre-depends on libpam0g (>= 0.99.7.1)
  libpam0g:amd64 is unpacked, but has never been configured.

dpkg: warning: ignoring pre-dependency problem!
dpkg: regarding .../util-linux_2.32-0.1ubuntu2_amd64.deb containing util-linux, pre-dependency problem:
 util-linux pre-depends on libselinux1 (>= 2.6-3~)
  libselinux1:amd64 is unpacked, but has never been configured.

dpkg: warning: ignoring pre-dependency problem!
dpkg: regarding .../util-linux_2.32-0.1ubuntu2_amd64.deb containing util-linux, pre-dependency problem:
 util-linux pre-depends on libsmartcols1 (>= 2.30.2)
  libsmartcols1:amd64 is unpacked, but has never been configured.

dpkg: warning: ignoring pre-dependency problem!
dpkg: regarding .../util-linux_2.32-0.1ubuntu2_amd64.deb containing util-linux, pre-dependency problem:
 util-linux pre-depends on libsystemd0
  libsystemd0:amd64 is unpacked, but has never been configured.

dpkg: warning: ignoring pre-dependency problem!
dpkg: regarding .../util-linux_2.32-0.1ubuntu2_amd64.deb containing util-linux, pre-dependency problem:
 util-linux pre-depends on libtinfo6 (>= 6)
  libtinfo6:amd64 is unpacked, but has never been configured.

dpkg: warning: ignoring pre-dependency problem!
dpkg: regarding .../util-linux_2.32-0.1ubuntu2_amd64.deb containing util-linux, pre-dependency problem:
 util-linux pre-depends on libudev1 (>= 183)
  libudev1:amd64 is unpacked, but has never been configured.

dpkg: warning: ignoring pre-dependency problem!
dpkg: regarding .../util-linux_2.32-0.1ubuntu2_amd64.deb containing util-linux, pre-dependency problem:
 util-linux pre-depends on libuuid1 (>= 2.16)
  libuuid1:amd64 is unpacked, but has never been configured.

dpkg: warning: ignoring pre-dependency problem!
dpkg: regarding .../util-linux_2.32-0.1ubuntu2_amd64.deb containing util-linux, pre-dependency problem:
 util-linux pre-depends on zlib1g (>= 1:1.1.4)
  zlib1g is not installed.

dpkg: warning: ignoring pre-dependency problem!
Preparing to unpack .../util-linux_2.32-0.1ubuntu2_amd64.deb ...
Unpacking util-linux (2.32-0.1ubuntu2) ...
Selecting previously unselected package zlib1g:amd64.
Preparing to unpack .../zlib1g_1%3a1.2.11.dfsg-0ubuntu2_amd64.deb ...
Unpacking zlib1g:amd64 (1:1.2.11.dfsg-0ubuntu2) ...
Setting up lsb-base (9.20170808ubuntu1) ...
Setting up sensible-utils (0.0.12) ...
Setting up ncurses-base (6.1+20180210-4ubuntu1) ...
Setting up libsemanage-common (2.8-1build1) ...
Setting up gcc-8-base:amd64 (8.2.0-7ubuntu1) ...
Setting up libaudit-common (1:2.8.3-1ubuntu2) ...
Setting up libc6:amd64 (2.28-0ubuntu1) ...
Setting up libpcre3:amd64 (2:8.39-11) ...
Setting up libbz2-1.0:amd64 (1.0.6-9) ...
Setting up libgpg-error0:amd64 (1.32-1) ...
Setting up libc-bin (2.28-0ubuntu1) ...
Setting up libdebconfclient0:amd64 (0.244ubuntu1) ...
Setting up libselinux1:amd64 (2.8-1build1) ...
Setting up diffutils (1:3.6-1) ...
Setting up findutils (4.6.0+git+20180808-2) ...
Setting up libcap-ng0:amd64 (0.7.9-1) ...
Setting up libext2fs2:amd64 (1.44.4-2) ...
Setting up libsepol1:amd64 (2.8-1) ...
Setting up libgcc1:amd64 (1:8.2.0-7ubuntu1) ...
Setting up sed (4.5-1) ...
Setting up libsmartcols1:amd64 (2.32-0.1ubuntu2) ...
Setting up libcom-err2:amd64 (1.44.4-2) ...
Setting up libaudit1:amd64 (1:2.8.3-1ubuntu2) ...
Setting up libudev1:amd64 (239-7ubuntu10) ...
Setting up libattr1:amd64 (1:2.4.47-2build1) ...
Setting up libss2:amd64 (1.44.4-2) ...
Setting up liblzma5:amd64 (5.2.2-1.3) ...
Setting up base-passwd (3.5.45) ...
Setting up liblz4-1:amd64 (1.8.2-1ubuntu1) ...
Setting up debianutils (4.8.6) ...
Setting up libgcrypt20:amd64 (1.8.3-1ubuntu1) ...
Setting up libuuid1:amd64 (2.32-0.1ubuntu2) ...
Setting up libdb5.3:amd64 (5.3.28+dfsg1-0.1) ...
Setting up zlib1g:amd64 (1:1.2.11.dfsg-0ubuntu2) ...
Setting up hostname (3.20) ...
Setting up mawk (1.3.3-17ubuntu3) ...
Setting up libtinfo6:amd64 (6.1+20180210-4ubuntu1) ...
Setting up libsystemd0:amd64 (239-7ubuntu10) ...
Setting up libzstd1:amd64 (1.3.5+dfsg-1ubuntu1) ...
Setting up libblkid1:amd64 (2.32-0.1ubuntu2) ...
Setting up base-files (10.1ubuntu7) ...
Setting up libsemanage1:amd64 (2.8-1build1) ...
Setting up libmount1:amd64 (2.32-0.1ubuntu2) ...
Setting up libacl1:amd64 (2.2.52-3build1) ...
Setting up ncurses-bin (6.1+20180210-4ubuntu1) ...
Setting up libncurses6:amd64 (6.1+20180210-4ubuntu1) ...
Setting up libprocps7:amd64 (2:3.3.15-2ubuntu1) ...
Setting up bash (4.4.18-2ubuntu3) ...
update-alternatives: using /usr/share/man/man7/bash-builtins.7.gz to provide /usr/share/man/man7/builtins.7.gz (builtins.7.gz) in auto mode
Setting up libncursesw6:amd64 (6.1+20180210-4ubuntu1) ...
Setting up bsdutils (1:2.32-0.1ubuntu2) ...
Setting up libfdisk1:amd64 (2.32-0.1ubuntu2) ...
Setting up coreutils (8.28-1ubuntu2) ...
Setting up e2fsprogs (1.44.4-2) ...
Setting up tar (1.30+dfsg-2) ...
update-alternatives: using /usr/sbin/rmt-tar to provide /usr/sbin/rmt (rmt) in auto mode
Setting up dpkg (1.19.0.5ubuntu5) ...
Setting up fdisk (2.32-0.1ubuntu2) ...
Setting up perl-base (5.26.2-7) ...
Setting up grep (3.1-2ubuntu1) ...
Setting up debconf (1.5.69) ...
Setting up gzip (1.6-5ubuntu2) ...
Setting up dash (0.5.8-2.10) ...
Removing 'diversion of /bin/sh to /bin/sh.distrib by bash'
Adding 'diversion of /bin/sh to /bin/sh.distrib by dash'
Removing 'diversion of /usr/share/man/man1/sh.1.gz to /usr/share/man/man1/sh.distrib.1.gz by bash'
Adding 'diversion of /usr/share/man/man1/sh.1.gz to /usr/share/man/man1/sh.distrib.1.gz by dash'
Setting up init-system-helpers (1.54) ...
Setting up libpam0g:amd64 (1.1.8-3.6ubuntu2) ...
Setting up util-linux (2.32-0.1ubuntu2) ...
update-alternatives: using /bin/more to provide /usr/bin/pager (pager) in auto mode
Setting up libpam-modules-bin (1.1.8-3.6ubuntu2) ...
Setting up mount (2.32-0.1ubuntu2) ...
Setting up procps (2:3.3.15-2ubuntu1) ...
update-alternatives: using /usr/bin/w.procps to provide /usr/bin/w (w) in auto mode
Setting up sysvinit-utils (2.88dsf-59.10ubuntu2) ...
Setting up libpam-modules:amd64 (1.1.8-3.6ubuntu2) ...
Setting up libpam-runtime (1.1.8-3.6ubuntu2) ...
Setting up passwd (1:4.5-1ubuntu1) ...
Shadow passwords are now on.
Setting up login (1:4.5-1ubuntu1) ...
Processing triggers for libc-bin (2.28-0ubuntu1) ...
(Reading database ... 3544 files and directories currently installed.)
Preparing to unpack .../libexpat1_2.2.6-1_amd64.deb ...
Unpacking libexpat1:amd64 (2.2.6-1) ...
Preparing to unpack .../libpython3.6-minimal_3.6.7~rc1-1_amd64.deb ...
Unpacking libpython3.6-minimal:amd64 (3.6.7~rc1-1) ...
Preparing to unpack .../libssl1.1_1.1.1-1ubuntu2_amd64.deb ...
Unpacking libssl1.1:amd64 (1.1.1-1ubuntu2) ...
Preparing to unpack .../python3.6-minimal_3.6.7~rc1-1_amd64.deb ...
Unpacking python3.6-minimal (3.6.7~rc1-1) ...
Setting up libexpat1:amd64 (2.2.6-1) ...
Setting up libssl1.1:amd64 (1.1.1-1ubuntu2) ...
Setting up libpython3.6-minimal:amd64 (3.6.7~rc1-1) ...
Setting up python3.6-minimal (3.6.7~rc1-1) ...
Processing triggers for libc-bin (2.28-0ubuntu1) ...
(Reading database ... 3801 files and directories currently installed.)
Preparing to unpack .../python3-minimal_3.6.6-1_amd64.deb ...
Unpacking python3-minimal (3.6.6-1) ...
Setting up python3-minimal (3.6.6-1) ...
(Reading database ... 3824 files and directories currently installed.)
Preparing to unpack .../libcap2_1%3a2.25-1.2_amd64.deb ...
Unpacking libcap2:amd64 (1:2.25-1.2) ...
Setting up libcap2:amd64 (1:2.25-1.2) ...
Processing triggers for libc-bin (2.28-0ubuntu1) ...
(Reading database ... 3829 files and directories currently installed.)
Preparing to unpack .../libargon2-1_0~20171227-0.1_amd64.deb ...
Unpacking libargon2-1:amd64 (0~20171227-0.1) ...
Preparing to unpack .../libcryptsetup12_2%3a2.0.4-2ubuntu2_amd64.deb ...
Unpacking libcryptsetup12:amd64 (2:2.0.4-2ubuntu2) ...
Preparing to unpack .../libdevmapper1.02.1_2%3a1.02.145-4.1ubuntu3_amd64.deb ...
Unpacking libdevmapper1.02.1:amd64 (2:1.02.145-4.1ubuntu3) ...
Preparing to unpack .../libjson-c3_0.12.1-1.3_amd64.deb ...
Unpacking libjson-c3:amd64 (0.12.1-1.3) ...
Setting up libargon2-1:amd64 (0~20171227-0.1) ...
Setting up libdevmapper1.02.1:amd64 (2:1.02.145-4.1ubuntu3) ...
Setting up libjson-c3:amd64 (0.12.1-1.3) ...
Setting up libcryptsetup12:amd64 (2:2.0.4-2ubuntu2) ...
Processing triggers for libc-bin (2.28-0ubuntu1) ...
(Reading database ... 3850 files and directories currently installed.)
Preparing to unpack .../libidn11_1.33-2.2ubuntu1_amd64.deb ...
Unpacking libidn11:amd64 (1.33-2.2ubuntu1) ...
Setting up libidn11:amd64 (1.33-2.2ubuntu1) ...
Processing triggers for libc-bin (2.28-0ubuntu1) ...
(Reading database ... 3855 files and directories currently installed.)
Preparing to unpack .../libip4tc0_1.6.1-2ubuntu2_amd64.deb ...
Unpacking libip4tc0:amd64 (1.6.1-2ubuntu2) ...
Setting up libip4tc0:amd64 (1.6.1-2ubuntu2) ...
Processing triggers for libc-bin (2.28-0ubuntu1) ...
(Reading database ... 3860 files and directories currently installed.)
Preparing to unpack .../libseccomp2_2.3.3-3ubuntu1_amd64.deb ...
Unpacking libseccomp2:amd64 (2.3.3-3ubuntu1) ...
Setting up libseccomp2:amd64 (2.3.3-3ubuntu1) ...
Processing triggers for libc-bin (2.28-0ubuntu1) ...
(Reading database ... 3865 files and directories currently installed.)
Preparing to unpack .../adduser_3.117ubuntu1_all.deb ...
Unpacking adduser (3.117ubuntu1) ...
Preparing to unpack .../libapparmor1_2.12-4ubuntu8_amd64.deb ...
Unpacking libapparmor1:amd64 (2.12-4ubuntu8) ...
Preparing to unpack .../libffi6_3.2.1-8_amd64.deb ...
Unpacking libffi6:amd64 (3.2.1-8) ...
Preparing to unpack .../libgmp10_2%3a6.1.2+dfsg-3_amd64.deb ...
Unpacking libgmp10:amd64 (2:6.1.2+dfsg-3) ...
Preparing to unpack .../libgnutls30_3.6.4-2ubuntu1_amd64.deb ...
Unpacking libgnutls30:amd64 (3.6.4-2ubuntu1) ...
Preparing to unpack .../libhogweed4_3.4-1_amd64.deb ...
Unpacking libhogweed4:amd64 (3.4-1) ...
Preparing to unpack .../libidn2-0_2.0.5-1_amd64.deb ...
Unpacking libidn2-0:amd64 (2.0.5-1) ...
Preparing to unpack .../libkmod2_25-1ubuntu1_amd64.deb ...
Unpacking libkmod2:amd64 (25-1ubuntu1) ...
Preparing to unpack .../libnettle6_3.4-1_amd64.deb ...
Unpacking libnettle6:amd64 (3.4-1) ...
Preparing to unpack .../libp11-kit0_0.23.14-2_amd64.deb ...
Unpacking libp11-kit0:amd64 (0.23.14-2) ...
Preparing to unpack .../libtasn1-6_4.13-3_amd64.deb ...
Unpacking libtasn1-6:amd64 (4.13-3) ...
Preparing to unpack .../libunistring2_0.9.10-1ubuntu1_amd64.deb ...
Unpacking libunistring2:amd64 (0.9.10-1ubuntu1) ...
Preparing to unpack .../systemd_239-7ubuntu10_amd64.deb ...
Unpacking systemd (239-7ubuntu10) ...
Setting up adduser (3.117ubuntu1) ...
Setting up libapparmor1:amd64 (2.12-4ubuntu8) ...
Setting up libffi6:amd64 (3.2.1-8) ...
Setting up libgmp10:amd64 (2:6.1.2+dfsg-3) ...
Setting up libkmod2:amd64 (25-1ubuntu1) ...
Setting up libnettle6:amd64 (3.4-1) ...
Setting up libp11-kit0:amd64 (0.23.14-2) ...
Setting up libtasn1-6:amd64 (4.13-3) ...
Setting up libunistring2:amd64 (0.9.10-1ubuntu1) ...
Setting up libhogweed4:amd64 (3.4-1) ...
Setting up libidn2-0:amd64 (2.0.5-1) ...
Setting up libgnutls30:amd64 (3.6.4-2ubuntu1) ...
Setting up systemd (239-7ubuntu10) ...
Created symlink /etc/systemd/system/getty.target.wants/getty@tty1.service -> /lib/systemd/system/getty@.service.
Created symlink /etc/systemd/system/multi-user.target.wants/remote-fs.target -> /lib/systemd/system/remote-fs.target.
Created symlink /etc/systemd/system/dbus-org.freedesktop.timesync1.service -> /lib/systemd/system/systemd-timesyncd.service.
Created symlink /etc/systemd/system/sysinit.target.wants/systemd-timesyncd.service -> /lib/systemd/system/systemd-timesyncd.service.
Created symlink /etc/systemd/system/dbus-org.freedesktop.resolve1.service -> /lib/systemd/system/systemd-resolved.service.
Created symlink /etc/systemd/system/multi-user.target.wants/systemd-resolved.service -> /lib/systemd/system/systemd-resolved.service.
Created symlink /etc/systemd/system/multi-user.target.wants/ondemand.service -> /lib/systemd/system/ondemand.service.
Initializing machine ID from random generator.
Processing triggers for libc-bin (2.28-0ubuntu1) ...
(Reading database ... 4760 files and directories currently installed.)
Preparing to unpack .../systemd-sysv_239-7ubuntu10_amd64.deb ...
Unpacking systemd-sysv (239-7ubuntu10) ...
Setting up systemd-sysv (239-7ubuntu10) ...
(Reading database ... 4777 files and directories currently installed.)
Preparing to unpack .../multiarch-support_2.28-0ubuntu1_amd64.deb ...
Unpacking multiarch-support (2.28-0ubuntu1) ...
Setting up multiarch-support (2.28-0ubuntu1) ...
(Reading database ... 4780 files and directories currently installed.)
Preparing to unpack .../apache2_2.4.34-1ubuntu2_amd64.deb ...
Unpacking apache2 (2.4.34-1ubuntu2) ...
Preparing to unpack .../apache2-bin_2.4.34-1ubuntu2_amd64.deb ...
Unpacking apache2-bin (2.4.34-1ubuntu2) ...
Preparing to unpack .../apache2-data_2.4.34-1ubuntu2_all.deb ...
Unpacking apache2-data (2.4.34-1ubuntu2) ...
Preparing to unpack .../apache2-utils_2.4.34-1ubuntu2_amd64.deb ...
Unpacking apache2-utils (2.4.34-1ubuntu2) ...
Preparing to unpack .../archives/apt_1.7.0_amd64.deb ...
Unpacking apt (1.7.0) ...
Preparing to unpack .../apt-utils_1.7.0_amd64.deb ...
Unpacking apt-utils (1.7.0) ...
Preparing to unpack .../binutils_2.31.1-6ubuntu1_amd64.deb ...
Unpacking binutils (2.31.1-6ubuntu1) ...
Preparing to unpack .../binutils-common_2.31.1-6ubuntu1_amd64.deb ...
Unpacking binutils-common:amd64 (2.31.1-6ubuntu1) ...
Preparing to unpack .../binutils-x86-64-linux-gnu_2.31.1-6ubuntu1_amd64.deb ...
Unpacking binutils-x86-64-linux-gnu (2.31.1-6ubuntu1) ...
Preparing to unpack .../build-essential_12.5ubuntu2_amd64.deb ...
Unpacking build-essential (12.5ubuntu2) ...
Preparing to unpack .../busybox-initramfs_1%3a1.27.2-2ubuntu4_amd64.deb ...
Unpacking busybox-initramfs (1:1.27.2-2ubuntu4) ...
Preparing to unpack .../bzip2_1.0.6-9_amd64.deb ...
Unpacking bzip2 (1.0.6-9) ...
Preparing to unpack .../ca-certificates_20180409_all.deb ...
Unpacking ca-certificates (20180409) ...
Preparing to unpack .../console-setup_1.178ubuntu9_all.deb ...
Unpacking console-setup (1.178ubuntu9) ...
Preparing to unpack .../console-setup-linux_1.178ubuntu9_all.deb ...
Unpacking console-setup-linux (1.178ubuntu9) ...
Preparing to unpack .../cpio_2.12+dfsg-6_amd64.deb ...
Unpacking cpio (2.12+dfsg-6) ...
Preparing to unpack .../cpp_4%3a8.2.0-1ubuntu1_amd64.deb ...
Unpacking cpp (4:8.2.0-1ubuntu1) ...
Preparing to unpack .../cpp-8_8.2.0-7ubuntu1_amd64.deb ...
Unpacking cpp-8 (8.2.0-7ubuntu1) ...
Preparing to unpack .../cron_3.0pl1-128.1ubuntu1_amd64.deb ...
Unpacking cron (3.0pl1-128.1ubuntu1) ...
Preparing to unpack .../dbus_1.12.10-1ubuntu2_amd64.deb ...
Unpacking dbus (1.12.10-1ubuntu2) ...
Preparing to unpack .../debconf-i18n_1.5.69_all.deb ...
Unpacking debconf-i18n (1.5.69) ...
Preparing to unpack .../distro-info-data_0.38_all.deb ...
Unpacking distro-info-data (0.38) ...
Preparing to unpack .../dmsetup_2%3a1.02.145-4.1ubuntu3_amd64.deb ...
Unpacking dmsetup (2:1.02.145-4.1ubuntu3) ...
Preparing to unpack .../dpkg-dev_1.19.0.5ubuntu5_all.deb ...
Unpacking dpkg-dev (1.19.0.5ubuntu5) ...
Preparing to unpack .../eject_2.1.5+deb1+cvs20081104-13.2_amd64.deb ...
Unpacking eject (2.1.5+deb1+cvs20081104-13.2) ...
Preparing to unpack .../file_1%3a5.34-2_amd64.deb ...
Unpacking file (1:5.34-2) ...
Preparing to unpack .../fontconfig-config_2.13.0-5ubuntu3_all.deb ...
Unpacking fontconfig-config (2.13.0-5ubuntu3) ...
Preparing to unpack .../fonts-dejavu-core_2.37-1_all.deb ...
Unpacking fonts-dejavu-core (2.37-1) ...
Preparing to unpack .../g++_4%3a8.2.0-1ubuntu1_amd64.deb ...
Unpacking g++ (4:8.2.0-1ubuntu1) ...
Preparing to unpack .../g++-8_8.2.0-7ubuntu1_amd64.deb ...
Unpacking g++-8 (8.2.0-7ubuntu1) ...
Preparing to unpack .../gcc_4%3a8.2.0-1ubuntu1_amd64.deb ...
Unpacking gcc (4:8.2.0-1ubuntu1) ...
Preparing to unpack .../gcc-8_8.2.0-7ubuntu1_amd64.deb ...
Unpacking gcc-8 (8.2.0-7ubuntu1) ...
Preparing to unpack .../gir1.2-glib-2.0_1.58.0-1_amd64.deb ...
Unpacking gir1.2-glib-2.0:amd64 (1.58.0-1) ...
Preparing to unpack .../gpgv_2.2.8-3ubuntu1_amd64.deb ...
Unpacking gpgv (2.2.8-3ubuntu1) ...
Preparing to unpack .../archives/init_1.54_amd64.deb ...
Unpacking init (1.54) ...
Preparing to unpack .../initramfs-tools_0.131ubuntu15_all.deb ...
Unpacking initramfs-tools (0.131ubuntu15) ...
Preparing to unpack .../initramfs-tools-bin_0.131ubuntu15_amd64.deb ...
Unpacking initramfs-tools-bin (0.131ubuntu15) ...
Preparing to unpack .../initramfs-tools-core_0.131ubuntu15_all.deb ...
Unpacking initramfs-tools-core (0.131ubuntu15) ...
Preparing to unpack .../iproute2_4.18.0-1ubuntu2_amd64.deb ...
Unpacking iproute2 (4.18.0-1ubuntu2) ...
Preparing to unpack .../iptables_1.6.1-2ubuntu2_amd64.deb ...
Unpacking iptables (1.6.1-2ubuntu2) ...
Preparing to unpack .../iputils-ping_3%3a20180629-2ubuntu1_amd64.deb ...
Unpacking iputils-ping (3:20180629-2ubuntu1) ...
Preparing to unpack .../isc-dhcp-client_4.3.5-3ubuntu9_amd64.deb ...
Unpacking isc-dhcp-client (4.3.5-3ubuntu9) ...
Preparing to unpack .../isc-dhcp-common_4.3.5-3ubuntu9_amd64.deb ...
Unpacking isc-dhcp-common (4.3.5-3ubuntu9) ...
Preparing to unpack .../kbd_2.0.4-2ubuntu1_amd64.deb ...
Unpacking kbd (2.0.4-2ubuntu1) ...
Preparing to unpack .../keyboard-configuration_1.178ubuntu9_all.deb ...
Unpacking keyboard-configuration (1.178ubuntu9) ...
Preparing to unpack .../klibc-utils_2.0.4-9ubuntu2_amd64.deb ...
Adding 'diversion of /usr/share/initramfs-tools/hooks/klibc to /usr/share/initramfs-tools/hooks/klibc^i-t by klibc-utils'
Unpacking klibc-utils (2.0.4-9ubuntu2) ...
Preparing to unpack .../kmod_25-1ubuntu1_amd64.deb ...
Unpacking kmod (25-1ubuntu1) ...
Preparing to unpack .../less_487-0.1build1_amd64.deb ...
Unpacking less (487-0.1build1) ...
Preparing to unpack .../libaio1_0.3.111-1_amd64.deb ...
Unpacking libaio1:amd64 (0.3.111-1) ...
Preparing to unpack .../libapache2-mod-php7.2_7.2.10-0ubuntu1_amd64.deb ...
Unpacking libapache2-mod-php7.2 (7.2.10-0ubuntu1) ...
Preparing to unpack .../libapr1_1.6.3-3_amd64.deb ...
Unpacking libapr1:amd64 (1.6.3-3) ...
Preparing to unpack .../libaprutil1_1.6.1-3_amd64.deb ...
Unpacking libaprutil1:amd64 (1.6.1-3) ...
Preparing to unpack .../libaprutil1-dbd-sqlite3_1.6.1-3_amd64.deb ...
Unpacking libaprutil1-dbd-sqlite3:amd64 (1.6.1-3) ...
Preparing to unpack .../libaprutil1-ldap_1.6.1-3_amd64.deb ...
Unpacking libaprutil1-ldap:amd64 (1.6.1-3) ...
Preparing to unpack .../libapt-inst2.0_1.7.0_amd64.deb ...
Unpacking libapt-inst2.0:amd64 (1.7.0) ...
Preparing to unpack .../libapt-pkg5.0_1.7.0_amd64.deb ...
Unpacking libapt-pkg5.0:amd64 (1.7.0) ...
Preparing to unpack .../libasan5_8.2.0-7ubuntu1_amd64.deb ...
Unpacking libasan5:amd64 (8.2.0-7ubuntu1) ...
Preparing to unpack .../libasn1-8-heimdal_7.5.0+dfsg-2_amd64.deb ...
Unpacking libasn1-8-heimdal:amd64 (7.5.0+dfsg-2) ...
Preparing to unpack .../libatm1_1%3a2.5.1-2build1_amd64.deb ...
Unpacking libatm1:amd64 (1:2.5.1-2build1) ...
Preparing to unpack .../libatomic1_8.2.0-7ubuntu1_amd64.deb ...
Unpacking libatomic1:amd64 (8.2.0-7ubuntu1) ...
Preparing to unpack .../libbinutils_2.31.1-6ubuntu1_amd64.deb ...
Unpacking libbinutils:amd64 (2.31.1-6ubuntu1) ...
Preparing to unpack .../libbrotli1_1.0.6-1_amd64.deb ...
Unpacking libbrotli1:amd64 (1.0.6-1) ...
Preparing to unpack .../libbsd0_0.9.1-1_amd64.deb ...
Unpacking libbsd0:amd64 (0.9.1-1) ...
Preparing to unpack .../libc-dev-bin_2.28-0ubuntu1_amd64.deb ...
Unpacking libc-dev-bin (2.28-0ubuntu1) ...
Preparing to unpack .../libc6-dev_2.28-0ubuntu1_amd64.deb ...
Unpacking libc6-dev:amd64 (2.28-0ubuntu1) ...
Preparing to unpack .../libcap2-bin_1%3a2.25-1.2_amd64.deb ...
Unpacking libcap2-bin (1:2.25-1.2) ...
Preparing to unpack .../libcc1-0_8.2.0-7ubuntu1_amd64.deb ...
Unpacking libcc1-0:amd64 (8.2.0-7ubuntu1) ...
Preparing to unpack .../libdbus-1-3_1.12.10-1ubuntu2_amd64.deb ...
Unpacking libdbus-1-3:amd64 (1.12.10-1ubuntu2) ...
Preparing to unpack .../libdns-export1102_1%3a9.11.4+dfsg-3ubuntu5_amd64.deb ...
Unpacking libdns-export1102 (1:9.11.4+dfsg-3ubuntu5) ...
Preparing to unpack .../libdpkg-perl_1.19.0.5ubuntu5_all.deb ...
Unpacking libdpkg-perl (1.19.0.5ubuntu5) ...
Preparing to unpack .../libedit2_3.1-20180525-1_amd64.deb ...
Unpacking libedit2:amd64 (3.1-20180525-1) ...
Preparing to unpack .../libelf1_0.170-0.5_amd64.deb ...
Unpacking libelf1:amd64 (0.170-0.5) ...
Preparing to unpack .../libestr0_0.1.10-2.1_amd64.deb ...
Unpacking libestr0:amd64 (0.1.10-2.1) ...
Preparing to unpack .../libevent-2.1-6_2.1.8-stable-4build1_amd64.deb ...
Unpacking libevent-2.1-6:amd64 (2.1.8-stable-4build1) ...
Preparing to unpack .../libfastjson4_0.99.8-2_amd64.deb ...
Unpacking libfastjson4:amd64 (0.99.8-2) ...
Preparing to unpack .../libfontconfig1_2.13.0-5ubuntu3_amd64.deb ...
Unpacking libfontconfig1:amd64 (2.13.0-5ubuntu3) ...
Preparing to unpack .../libfreetype6_2.8.1-2ubuntu2_amd64.deb ...
Unpacking libfreetype6:amd64 (2.8.1-2ubuntu2) ...
Preparing to unpack .../libfribidi0_1.0.5-3_amd64.deb ...
Unpacking libfribidi0:amd64 (1.0.5-3) ...
Preparing to unpack .../libgcc-8-dev_8.2.0-7ubuntu1_amd64.deb ...
Unpacking libgcc-8-dev:amd64 (8.2.0-7ubuntu1) ...
Preparing to unpack .../libgd3_2.2.5-4ubuntu1_amd64.deb ...
Unpacking libgd3:amd64 (2.2.5-4ubuntu1) ...
Preparing to unpack .../libgdbm-compat4_1.14.1-6_amd64.deb ...
Unpacking libgdbm-compat4:amd64 (1.14.1-6) ...
Preparing to unpack .../libgdbm5_1.14.1-6_amd64.deb ...
Unpacking libgdbm5:amd64 (1.14.1-6) ...
Preparing to unpack .../libgeoip1_1.6.12-1_amd64.deb ...
Unpacking libgeoip1:amd64 (1.6.12-1) ...
Preparing to unpack .../libgirepository-1.0-1_1.58.0-1_amd64.deb ...
Unpacking libgirepository-1.0-1:amd64 (1.58.0-1) ...
Preparing to unpack .../libglib2.0-0_2.58.1-2_amd64.deb ...
Unpacking libglib2.0-0:amd64 (2.58.1-2) ...
Preparing to unpack .../libglib2.0-data_2.58.1-2_all.deb ...
Unpacking libglib2.0-data (2.58.1-2) ...
Preparing to unpack .../libgomp1_8.2.0-7ubuntu1_amd64.deb ...
Unpacking libgomp1:amd64 (8.2.0-7ubuntu1) ...
Preparing to unpack .../libgpm2_1.20.7-5_amd64.deb ...
Unpacking libgpm2:amd64 (1.20.7-5) ...
Preparing to unpack .../libgssapi-krb5-2_1.16-2ubuntu1_amd64.deb ...
Unpacking libgssapi-krb5-2:amd64 (1.16-2ubuntu1) ...
Preparing to unpack .../libgssapi3-heimdal_7.5.0+dfsg-2_amd64.deb ...
Unpacking libgssapi3-heimdal:amd64 (7.5.0+dfsg-2) ...
Preparing to unpack .../libhcrypto4-heimdal_7.5.0+dfsg-2_amd64.deb ...
Unpacking libhcrypto4-heimdal:amd64 (7.5.0+dfsg-2) ...
Preparing to unpack .../libheimbase1-heimdal_7.5.0+dfsg-2_amd64.deb ...
Unpacking libheimbase1-heimdal:amd64 (7.5.0+dfsg-2) ...
Preparing to unpack .../libheimntlm0-heimdal_7.5.0+dfsg-2_amd64.deb ...
Unpacking libheimntlm0-heimdal:amd64 (7.5.0+dfsg-2) ...
Preparing to unpack .../libhx509-5-heimdal_7.5.0+dfsg-2_amd64.deb ...
Unpacking libhx509-5-heimdal:amd64 (7.5.0+dfsg-2) ...
Preparing to unpack .../libicu60_60.2-6ubuntu1_amd64.deb ...
Unpacking libicu60:amd64 (60.2-6ubuntu1) ...
Preparing to unpack .../libip6tc0_1.6.1-2ubuntu2_amd64.deb ...
Unpacking libip6tc0:amd64 (1.6.1-2ubuntu2) ...
Preparing to unpack .../libiptc0_1.6.1-2ubuntu2_amd64.deb ...
Unpacking libiptc0:amd64 (1.6.1-2ubuntu2) ...
Preparing to unpack .../libisc-export169_1%3a9.11.4+dfsg-3ubuntu5_amd64.deb ...
Unpacking libisc-export169:amd64 (1:9.11.4+dfsg-3ubuntu5) ...
Preparing to unpack .../libisl19_0.20-2_amd64.deb ...
Unpacking libisl19:amd64 (0.20-2) ...
Preparing to unpack .../libitm1_8.2.0-7ubuntu1_amd64.deb ...
Unpacking libitm1:amd64 (8.2.0-7ubuntu1) ...
Preparing to unpack .../libjbig0_2.1-3.1build1_amd64.deb ...
Unpacking libjbig0:amd64 (2.1-3.1build1) ...
Preparing to unpack .../libjpeg-turbo8_2.0.0-0ubuntu2_amd64.deb ...
Unpacking libjpeg-turbo8:amd64 (2.0.0-0ubuntu2) ...
Preparing to unpack .../libjpeg8_8c-2ubuntu8_amd64.deb ...
Unpacking libjpeg8:amd64 (8c-2ubuntu8) ...
Preparing to unpack .../libk5crypto3_1.16-2ubuntu1_amd64.deb ...
Unpacking libk5crypto3:amd64 (1.16-2ubuntu1) ...
Preparing to unpack .../libkeyutils1_1.5.9-9.3_amd64.deb ...
Unpacking libkeyutils1:amd64 (1.5.9-9.3) ...
Preparing to unpack .../libklibc_2.0.4-9ubuntu2_amd64.deb ...
Unpacking libklibc (2.0.4-9ubuntu2) ...
Preparing to unpack .../libkrb5-26-heimdal_7.5.0+dfsg-2_amd64.deb ...
Unpacking libkrb5-26-heimdal:amd64 (7.5.0+dfsg-2) ...
Preparing to unpack .../libkrb5-3_1.16-2ubuntu1_amd64.deb ...
Unpacking libkrb5-3:amd64 (1.16-2ubuntu1) ...
Preparing to unpack .../libkrb5support0_1.16-2ubuntu1_amd64.deb ...
Unpacking libkrb5support0:amd64 (1.16-2ubuntu1) ...
Preparing to unpack .../libldap-2.4-2_2.4.46+dfsg-5ubuntu1_amd64.deb ...
Unpacking libldap-2.4-2:amd64 (2.4.46+dfsg-5ubuntu1) ...
Preparing to unpack .../libldap-common_2.4.46+dfsg-5ubuntu1_all.deb ...
Unpacking libldap-common (2.4.46+dfsg-5ubuntu1) ...
Preparing to unpack .../liblocale-gettext-perl_1.07-3build2_amd64.deb ...
Unpacking liblocale-gettext-perl (1.07-3build2) ...
Preparing to unpack .../liblsan0_8.2.0-7ubuntu1_amd64.deb ...
Unpacking liblsan0:amd64 (8.2.0-7ubuntu1) ...
Preparing to unpack .../libltdl7_2.4.6-4_amd64.deb ...
Unpacking libltdl7:amd64 (2.4.6-4) ...
Preparing to unpack .../liblua5.2-0_5.2.4-1.1build1_amd64.deb ...
Unpacking liblua5.2-0:amd64 (5.2.4-1.1build1) ...
Preparing to unpack .../libmagic-mgc_1%3a5.34-2_amd64.deb ...
Unpacking libmagic-mgc (1:5.34-2) ...
Preparing to unpack .../libmagic1_1%3a5.34-2_amd64.deb ...
Unpacking libmagic1:amd64 (1:5.34-2) ...
Preparing to unpack .../libmnl0_1.0.4-2_amd64.deb ...
Unpacking libmnl0:amd64 (1.0.4-2) ...
Preparing to unpack .../libmpc3_1.1.0-1_amd64.deb ...
Unpacking libmpc3:amd64 (1.1.0-1) ...
Preparing to unpack .../libmpdec2_2.4.2-2_amd64.deb ...
Unpacking libmpdec2:amd64 (2.4.2-2) ...
Preparing to unpack .../libmpfr6_4.0.1-1_amd64.deb ...
Unpacking libmpfr6:amd64 (4.0.1-1) ...
Preparing to unpack .../libmpx2_8.2.0-7ubuntu1_amd64.deb ...
Unpacking libmpx2:amd64 (8.2.0-7ubuntu1) ...
Preparing to unpack .../libmysqlclient20_5.7.23-2ubuntu1_amd64.deb ...
Unpacking libmysqlclient20:amd64 (5.7.23-2ubuntu1) ...
Preparing to unpack .../libnetfilter-conntrack3_1.0.7-1_amd64.deb ...
Unpacking libnetfilter-conntrack3:amd64 (1.0.7-1) ...
Preparing to unpack .../libnewt0.52_0.52.20-6ubuntu1_amd64.deb ...
Unpacking libnewt0.52:amd64 (0.52.20-6ubuntu1) ...
Preparing to unpack .../libnfnetlink0_1.0.1-3_amd64.deb ...
Unpacking libnfnetlink0:amd64 (1.0.1-3) ...
Preparing to unpack .../libnghttp2-14_1.32.1-1build1_amd64.deb ...
Unpacking libnghttp2-14:amd64 (1.32.1-1build1) ...
Preparing to unpack .../libnginx-mod-http-geoip_1.15.5-0ubuntu1_amd64.deb ...
Unpacking libnginx-mod-http-geoip (1.15.5-0ubuntu1) ...
Preparing to unpack .../libnginx-mod-http-image-filter_1.15.5-0ubuntu1_amd64.deb ...
Unpacking libnginx-mod-http-image-filter (1.15.5-0ubuntu1) ...
Preparing to unpack .../libnginx-mod-http-xslt-filter_1.15.5-0ubuntu1_amd64.deb ...
Unpacking libnginx-mod-http-xslt-filter (1.15.5-0ubuntu1) ...
Preparing to unpack .../libnginx-mod-mail_1.15.5-0ubuntu1_amd64.deb ...
Unpacking libnginx-mod-mail (1.15.5-0ubuntu1) ...
Preparing to unpack .../libnginx-mod-stream_1.15.5-0ubuntu1_amd64.deb ...
Unpacking libnginx-mod-stream (1.15.5-0ubuntu1) ...
Preparing to unpack .../libnss-systemd_239-7ubuntu10_amd64.deb ...
Unpacking libnss-systemd:amd64 (239-7ubuntu10) ...
Preparing to unpack .../libpam-cap_1%3a2.25-1.2_amd64.deb ...
Unpacking libpam-cap:amd64 (1:2.25-1.2) ...
Preparing to unpack .../libpam-systemd_239-7ubuntu10_amd64.deb ...
Unpacking libpam-systemd:amd64 (239-7ubuntu10) ...
Preparing to unpack .../libperl5.26_5.26.2-7_amd64.deb ...
Unpacking libperl5.26:amd64 (5.26.2-7) ...
Preparing to unpack .../libpng16-16_1.6.34-2_amd64.deb ...
Unpacking libpng16-16:amd64 (1.6.34-2) ...
Preparing to unpack .../libpopt0_1.16-11_amd64.deb ...
Unpacking libpopt0:amd64 (1.16-11) ...
Preparing to unpack .../libpq5_10.5-1_amd64.deb ...
Unpacking libpq5:amd64 (10.5-1) ...
Preparing to unpack .../libpython3-stdlib_3.6.6-1_amd64.deb ...
Unpacking libpython3-stdlib:amd64 (3.6.6-1) ...
Preparing to unpack .../libpython3.6_3.6.7~rc1-1_amd64.deb ...
Unpacking libpython3.6:amd64 (3.6.7~rc1-1) ...
Preparing to unpack .../libpython3.6-stdlib_3.6.7~rc1-1_amd64.deb ...
Unpacking libpython3.6-stdlib:amd64 (3.6.7~rc1-1) ...
Preparing to unpack .../libquadmath0_8.2.0-7ubuntu1_amd64.deb ...
Unpacking libquadmath0:amd64 (8.2.0-7ubuntu1) ...
Preparing to unpack .../libreadline7_7.0-5_amd64.deb ...
Unpacking libreadline7:amd64 (7.0-5) ...
Preparing to unpack .../libroken18-heimdal_7.5.0+dfsg-2_amd64.deb ...
Unpacking libroken18-heimdal:amd64 (7.5.0+dfsg-2) ...
Preparing to unpack .../libsasl2-2_2.1.27~101-g0780600+dfsg-3ubuntu2_amd64.deb ...
Unpacking libsasl2-2:amd64 (2.1.27~101-g0780600+dfsg-3ubuntu2) ...
Preparing to unpack .../libsasl2-modules-db_2.1.27~101-g0780600+dfsg-3ubuntu2_amd64.deb ...
Unpacking libsasl2-modules-db:amd64 (2.1.27~101-g0780600+dfsg-3ubuntu2) ...
Preparing to unpack .../libslang2_2.3.2-1ubuntu1_amd64.deb ...
Unpacking libslang2:amd64 (2.3.2-1ubuntu1) ...
Preparing to unpack .../libsodium23_1.0.16-2build1_amd64.deb ...
Unpacking libsodium23:amd64 (1.0.16-2build1) ...
Preparing to unpack .../libsqlite3-0_3.24.0-1_amd64.deb ...
Unpacking libsqlite3-0:amd64 (3.24.0-1) ...
Preparing to unpack .../libstdc++-8-dev_8.2.0-7ubuntu1_amd64.deb ...
Unpacking libstdc++-8-dev:amd64 (8.2.0-7ubuntu1) ...
Preparing to unpack .../libstdc++6_8.2.0-7ubuntu1_amd64.deb ...
Unpacking libstdc++6:amd64 (8.2.0-7ubuntu1) ...
Preparing to unpack .../libtext-charwidth-perl_0.04-7.1_amd64.deb ...
Unpacking libtext-charwidth-perl (0.04-7.1) ...
Preparing to unpack .../libtext-iconv-perl_1.7-5build6_amd64.deb ...
Unpacking libtext-iconv-perl (1.7-5build6) ...
Preparing to unpack .../libtext-wrapi18n-perl_0.06-7.1_all.deb ...
Unpacking libtext-wrapi18n-perl (0.06-7.1) ...
Preparing to unpack .../libtiff5_4.0.9-6_amd64.deb ...
Unpacking libtiff5:amd64 (4.0.9-6) ...
Preparing to unpack .../libtsan0_8.2.0-7ubuntu1_amd64.deb ...
Unpacking libtsan0:amd64 (8.2.0-7ubuntu1) ...
Preparing to unpack .../libubsan1_8.2.0-7ubuntu1_amd64.deb ...
Unpacking libubsan1:amd64 (8.2.0-7ubuntu1) ...
Preparing to unpack .../libwebp6_0.6.1-2_amd64.deb ...
Unpacking libwebp6:amd64 (0.6.1-2) ...
Preparing to unpack .../libwind0-heimdal_7.5.0+dfsg-2_amd64.deb ...
Unpacking libwind0-heimdal:amd64 (7.5.0+dfsg-2) ...
Preparing to unpack .../libx11-6_2%3a1.6.7-1_amd64.deb ...
Unpacking libx11-6:amd64 (2:1.6.7-1) ...
Preparing to unpack .../libx11-data_2%3a1.6.7-1_all.deb ...
Unpacking libx11-data (2:1.6.7-1) ...
Preparing to unpack .../libxau6_1%3a1.0.8-1_amd64.deb ...
Unpacking libxau6:amd64 (1:1.0.8-1) ...
Preparing to unpack .../libxcb1_1.13.1-1_amd64.deb ...
Unpacking libxcb1:amd64 (1.13.1-1) ...
Preparing to unpack .../libxdmcp6_1%3a1.1.2-3_amd64.deb ...
Unpacking libxdmcp6:amd64 (1:1.1.2-3) ...
Preparing to unpack .../libxml2_2.9.4+dfsg1-7ubuntu1_amd64.deb ...
Unpacking libxml2:amd64 (2.9.4+dfsg1-7ubuntu1) ...
Preparing to unpack .../libxpm4_1%3a3.5.12-1_amd64.deb ...
Unpacking libxpm4:amd64 (1:3.5.12-1) ...
Preparing to unpack .../libxslt1.1_1.1.32-2_amd64.deb ...
Unpacking libxslt1.1:amd64 (1.1.32-2) ...
Preparing to unpack .../libxtables12_1.6.1-2ubuntu2_amd64.deb ...
Unpacking libxtables12:amd64 (1.6.1-2ubuntu2) ...
Preparing to unpack .../libyaml-0-2_0.2.1-1_amd64.deb ...
Unpacking libyaml-0-2:amd64 (0.2.1-1) ...
Preparing to unpack .../linux-base_4.5ubuntu1_all.deb ...
Unpacking linux-base (4.5ubuntu1) ...
Preparing to unpack .../linux-libc-dev_4.18.0-10.11_amd64.deb ...
Unpacking linux-libc-dev:amd64 (4.18.0-10.11) ...
Preparing to unpack .../locales_2.28-0ubuntu1_all.deb ...
Unpacking locales (2.28-0ubuntu1) ...
Preparing to unpack .../logrotate_3.14.0-4ubuntu1_amd64.deb ...
Unpacking logrotate (3.14.0-4ubuntu1) ...
Preparing to unpack .../lsb-release_9.20170808ubuntu1_all.deb ...
Unpacking lsb-release (9.20170808ubuntu1) ...
Preparing to unpack .../make_4.2.1-1.2_amd64.deb ...
Unpacking make (4.2.1-1.2) ...
Preparing to unpack .../memcached_1.5.10-0ubuntu1_amd64.deb ...
Unpacking memcached (1.5.10-0ubuntu1) ...
Preparing to unpack .../mime-support_3.60ubuntu1_all.deb ...
Unpacking mime-support (3.60ubuntu1) ...
Preparing to unpack .../mysql-common_5.8+1.0.4_all.deb ...
Unpacking mysql-common (5.8+1.0.4) ...
Preparing to unpack .../net-tools_1.60+git20161116.90da8a0-2ubuntu1_amd64.deb ...
Unpacking net-tools (1.60+git20161116.90da8a0-2ubuntu1) ...
Preparing to unpack .../archives/netbase_5.4_all.deb ...
Unpacking netbase (5.4) ...
Preparing to unpack .../netcat-openbsd_1.190-2_amd64.deb ...
Unpacking netcat-openbsd (1.190-2) ...
Preparing to unpack .../netplan.io_0.40.2_amd64.deb ...
Unpacking netplan.io (0.40.2) ...
Preparing to unpack .../networkd-dispatcher_1.7-0ubuntu8_all.deb ...
Unpacking networkd-dispatcher (1.7-0ubuntu8) ...
Preparing to unpack .../nginx_1.15.5-0ubuntu1_all.deb ...
Unpacking nginx (1.15.5-0ubuntu1) ...
Preparing to unpack .../nginx-common_1.15.5-0ubuntu1_all.deb ...
Unpacking nginx-common (1.15.5-0ubuntu1) ...
Preparing to unpack .../nginx-core_1.15.5-0ubuntu1_amd64.deb ...
Unpacking nginx-core (1.15.5-0ubuntu1) ...
Preparing to unpack .../openssl_1.1.1-1ubuntu2_amd64.deb ...
Unpacking openssl (1.1.1-1ubuntu2) ...
Preparing to unpack .../patch_2.7.6-3_amd64.deb ...
Unpacking patch (2.7.6-3) ...
Preparing to unpack .../perl_5.26.2-7_amd64.deb ...
Unpacking perl (5.26.2-7) ...
Preparing to unpack .../perl-modules-5.26_5.26.2-7_all.deb ...
Unpacking perl-modules-5.26 (5.26.2-7) ...
Preparing to unpack .../php_1%3a7.2+62_all.deb ...
Unpacking php (1:7.2+62) ...
Preparing to unpack .../php-common_1%3a62_all.deb ...
Unpacking php-common (1:62) ...
Preparing to unpack .../php7.2_7.2.10-0ubuntu1_all.deb ...
Unpacking php7.2 (7.2.10-0ubuntu1) ...
Preparing to unpack .../php7.2-cli_7.2.10-0ubuntu1_amd64.deb ...
Unpacking php7.2-cli (7.2.10-0ubuntu1) ...
Preparing to unpack .../php7.2-common_7.2.10-0ubuntu1_amd64.deb ...
Unpacking php7.2-common (7.2.10-0ubuntu1) ...
Preparing to unpack .../php7.2-json_7.2.10-0ubuntu1_amd64.deb ...
Unpacking php7.2-json (7.2.10-0ubuntu1) ...
Preparing to unpack .../php7.2-opcache_7.2.10-0ubuntu1_amd64.deb ...
Unpacking php7.2-opcache (7.2.10-0ubuntu1) ...
Preparing to unpack .../php7.2-readline_7.2.10-0ubuntu1_amd64.deb ...
Unpacking php7.2-readline (7.2.10-0ubuntu1) ...
Preparing to unpack .../psmisc_23.1-1build1_amd64.deb ...
Unpacking psmisc (23.1-1build1) ...
Preparing to unpack .../python3_3.6.6-1_amd64.deb ...
Unpacking python3 (3.6.6-1) ...
Preparing to unpack .../python3-dbus_1.2.8-2build1_amd64.deb ...
Unpacking python3-dbus (1.2.8-2build1) ...
Preparing to unpack .../python3-gi_3.30.1-1ubuntu1_amd64.deb ...
Unpacking python3-gi (3.30.1-1ubuntu1) ...
Preparing to unpack .../python3-netifaces_0.10.4-1build1_amd64.deb ...
Unpacking python3-netifaces (0.10.4-1build1) ...
Preparing to unpack .../python3-yaml_3.12-1build3_amd64.deb ...
Unpacking python3-yaml (3.12-1build3) ...
Preparing to unpack .../python3.6_3.6.7~rc1-1_amd64.deb ...
Unpacking python3.6 (3.6.7~rc1-1) ...
Preparing to unpack .../readline-common_7.0-5_all.deb ...
Unpacking readline-common (7.0-5) ...
Preparing to unpack .../rsyslog_8.32.0-1ubuntu5_amd64.deb ...
Unpacking rsyslog (8.32.0-1ubuntu5) ...
Preparing to unpack .../shared-mime-info_1.10-1_amd64.deb ...
Unpacking shared-mime-info (1.10-1) ...
Preparing to unpack .../sudo_1.8.23-2ubuntu1_amd64.deb ...
Unpacking sudo (1.8.23-2ubuntu1) ...
Preparing to unpack .../tzdata_2018e-1_all.deb ...
Unpacking tzdata (2018e-1) ...
Preparing to unpack .../ubuntu-advantage-tools_17_all.deb ...
Unpacking ubuntu-advantage-tools (17) ...
Preparing to unpack .../ubuntu-keyring_2018.09.18.1_all.deb ...
Unpacking ubuntu-keyring (2018.09.18.1) ...
Preparing to unpack .../ubuntu-minimal_1.425_amd64.deb ...
Unpacking ubuntu-minimal (1.425) ...
Preparing to unpack .../archives/ucf_3.0038_all.deb ...
Moving old data out of the way
Unpacking ucf (3.0038) ...
Preparing to unpack .../udev_239-7ubuntu10_amd64.deb ...
Unpacking udev (239-7ubuntu10) ...
Preparing to unpack .../vim_2%3a8.0.1766-1ubuntu1_amd64.deb ...
Unpacking vim (2:8.0.1766-1ubuntu1) ...
Preparing to unpack .../vim-common_2%3a8.0.1766-1ubuntu1_all.deb ...
Unpacking vim-common (2:8.0.1766-1ubuntu1) ...
Preparing to unpack .../vim-runtime_2%3a8.0.1766-1ubuntu1_all.deb ...
Adding 'diversion of /usr/share/vim/vim80/doc/help.txt to /usr/share/vim/vim80/doc/help.txt.vim-tiny by vim-runtime'
Adding 'diversion of /usr/share/vim/vim80/doc/tags to /usr/share/vim/vim80/doc/tags.vim-tiny by vim-runtime'
Unpacking vim-runtime (2:8.0.1766-1ubuntu1) ...
Preparing to unpack .../vim-tiny_2%3a8.0.1766-1ubuntu1_amd64.deb ...
Unpacking vim-tiny (2:8.0.1766-1ubuntu1) ...
Preparing to unpack .../whiptail_0.52.20-6ubuntu1_amd64.deb ...
Unpacking whiptail (0.52.20-6ubuntu1) ...
Preparing to unpack .../xdg-user-dirs_0.17-1ubuntu1_amd64.deb ...
Unpacking xdg-user-dirs (0.17-1ubuntu1) ...
Preparing to unpack .../xkb-data_2.23.1-1ubuntu1_all.deb ...
Unpacking xkb-data (2.23.1-1ubuntu1) ...
Preparing to unpack .../xxd_2%3a8.0.1766-1ubuntu1_amd64.deb ...
Unpacking xxd (2:8.0.1766-1ubuntu1) ...
Preparing to unpack .../xz-utils_5.2.2-1.3_amd64.deb ...
Unpacking xz-utils (5.2.2-1.3) ...
Preparing to unpack .../cgroupfs-mount_1.4_all.deb ...
Unpacking cgroupfs-mount (1.4) ...
Preparing to unpack .../haveged_1.9.1-6_amd64.deb ...
Unpacking haveged (1.9.1-6) ...
Preparing to unpack .../libhavege1_1.9.1-6_amd64.deb ...
Unpacking libhavege1:amd64 (1.9.1-6) ...
Preparing to unpack .../libjemalloc2_5.1.0-1_amd64.deb ...
Unpacking libjemalloc2:amd64 (5.1.0-1) ...
Preparing to unpack .../libluajit-5.1-2_2.1.0~beta3+dfsg-5.1_amd64.deb ...
Unpacking libluajit-5.1-2:amd64 (2.1.0~beta3+dfsg-5.1) ...
Preparing to unpack .../libluajit-5.1-common_2.1.0~beta3+dfsg-5.1_all.deb ...
Unpacking libluajit-5.1-common (2.1.0~beta3+dfsg-5.1) ...
Preparing to unpack .../redis-server_5%3a4.0.11-2_amd64.deb ...
Unpacking redis-server (5:4.0.11-2) ...
Preparing to unpack .../redis-tools_5%3a4.0.11-2_amd64.deb ...
Unpacking redis-tools (5:4.0.11-2) ...
Preparing to unpack .../sysbench_1.0.11+ds-1_amd64.deb ...
Unpacking sysbench (1.0.11+ds-1) ...
Processing triggers for systemd (239-7ubuntu10) ...
Processing triggers for libc-bin (2.28-0ubuntu1) ...
Setting up libquadmath0:amd64 (8.2.0-7ubuntu1) ...
Setting up iputils-ping (3:20180629-2ubuntu1) ...
Setting up ubuntu-advantage-tools (17) ...
Setting up libedit2:amd64 (3.1-20180525-1) ...
Setting up libbrotli1:amd64 (1.0.6-1) ...
Setting up libgomp1:amd64 (8.2.0-7ubuntu1) ...
Setting up libatomic1:amd64 (8.2.0-7ubuntu1) ...
Setting up libapr1:amd64 (1.6.3-3) ...
Setting up readline-common (7.0-5) ...
Setting up libnss-systemd:amd64 (239-7ubuntu10) ...
First installation detected...
Checking NSS setup...
Setting up cpio (2.12+dfsg-6) ...
update-alternatives: using /bin/mt-gnu to provide /bin/mt (mt) in auto mode
Setting up libpopt0:amd64 (1.16-11) ...
Setting up kmod (25-1ubuntu1) ...
Setting up libestr0:amd64 (0.1.10-2.1) ...
Setting up less (487-0.1build1) ...
Setting up make (4.2.1-1.2) ...
Setting up libevent-2.1-6:amd64 (2.1.8-stable-4build1) ...
Setting up libpam-cap:amd64 (1:2.25-1.2) ...
Setting up psmisc (23.1-1build1) ...
Setting up libnghttp2-14:amd64 (1.32.1-1build1) ...
Setting up libluajit-5.1-common (2.1.0~beta3+dfsg-5.1) ...
Setting up mime-support (3.60ubuntu1) ...
Setting up xxd (2:8.0.1766-1ubuntu1) ...
Setting up sudo (1.8.23-2ubuntu1) ...
Setting up libpng16-16:amd64 (1.6.34-2) ...
Setting up libfastjson4:amd64 (0.99.8-2) ...
Setting up isc-dhcp-common (4.3.5-3ubuntu9) ...
Setting up libjbig0:amd64 (2.1-3.1build1) ...
Setting up libgpm2:amd64 (1.20.7-5) ...
Setting up libldap-common (2.4.46+dfsg-5ubuntu1) ...
Setting up fonts-dejavu-core (2.37-1) ...
Setting up libreadline7:amd64 (7.0-5) ...
Setting up libcap2-bin (1:2.25-1.2) ...
Setting up libisc-export169:amd64 (1:9.11.4+dfsg-3ubuntu5) ...
Setting up tzdata (2018e-1) ...

Current default time zone: 'Etc/UTC'
Local time is now:      Thu Mar 19 20:40:18 UTC 2020.
Universal Time is now:  Thu Mar 19 20:40:18 UTC 2020.
Run 'dpkg-reconfigure tzdata' if you wish to change it.

Setting up init (1.54) ...
Setting up libklibc (2.0.4-9ubuntu2) ...
Setting up libelf1:amd64 (0.170-0.5) ...
Setting up libtsan0:amd64 (8.2.0-7ubuntu1) ...
Setting up libglib2.0-0:amd64 (2.58.1-2) ...
No schema files found: doing nothing.
Setting up nginx-common (1.15.5-0ubuntu1) ...
Created symlink /etc/systemd/system/multi-user.target.wants/nginx.service -> /lib/systemd/system/nginx.service.
Setting up mysql-common (5.8+1.0.4) ...
update-alternatives: using /etc/mysql/my.cnf.fallback to provide /etc/mysql/my.cnf (my.cnf) in auto mode
Setting up gpgv (2.2.8-3ubuntu1) ...
Setting up xkb-data (2.23.1-1ubuntu1) ...
Setting up libsasl2-modules-db:amd64 (2.1.27~101-g0780600+dfsg-3ubuntu2) ...
Setting up linux-base (4.5ubuntu1) ...
Setting up linux-libc-dev:amd64 (4.18.0-10.11) ...
Setting up libmpfr6:amd64 (4.0.1-1) ...
Setting up libsasl2-2:amd64 (2.1.27~101-g0780600+dfsg-3ubuntu2) ...
Setting up libiptc0:amd64 (1.6.1-2ubuntu2) ...
Setting up apache2-data (2.4.34-1ubuntu2) ...
Setting up distro-info-data (0.38) ...
Setting up libjpeg-turbo8:amd64 (2.0.0-0ubuntu2) ...
Setting up libroken18-heimdal:amd64 (7.5.0+dfsg-2) ...
Setting up perl-modules-5.26 (5.26.2-7) ...
Setting up libgdbm5:amd64 (1.14.1-6) ...
Setting up cgroupfs-mount (1.4) ...
Running in chroot, ignoring request.
invoke-rc.d: policy-rc.d denied execution of start.
Setting up libgeoip1:amd64 (1.6.12-1) ...
Setting up libbsd0:amd64 (0.9.1-1) ...
Setting up libkrb5support0:amd64 (1.16-2ubuntu1) ...
Setting up ucf (3.0038) ...
Setting up libgirepository-1.0-1:amd64 (1.58.0-1) ...
Setting up libfreetype6:amd64 (2.8.1-2ubuntu2) ...
Setting up libmagic-mgc (1:5.34-2) ...
Setting up bzip2 (1.0.6-9) ...
Setting up libmagic1:amd64 (1:5.34-2) ...
Setting up netcat-openbsd (1.190-2) ...
update-alternatives: using /bin/nc.openbsd to provide /bin/nc (nc) in auto mode
Setting up liblsan0:amd64 (8.2.0-7ubuntu1) ...
Setting up binutils-common:amd64 (2.31.1-6ubuntu1) ...
Setting up busybox-initramfs (1:1.27.2-2ubuntu4) ...
Setting up libhavege1:amd64 (1.9.1-6) ...
Setting up libsodium23:amd64 (1.0.16-2build1) ...
Setting up libmpx2:amd64 (8.2.0-7ubuntu1) ...
Setting up libyaml-0-2:amd64 (0.2.1-1) ...
Setting up gir1.2-glib-2.0:amd64 (1.58.0-1) ...
Setting up patch (2.7.6-3) ...
Setting up libglib2.0-data (2.58.1-2) ...
Setting up libaio1:amd64 (0.3.111-1) ...
Setting up libatm1:amd64 (1:2.5.1-2build1) ...
Setting up libxtables12:amd64 (1.6.1-2ubuntu2) ...
Setting up udev (239-7ubuntu10) ...
A chroot environment has been detected, udev not started.
Setting up xz-utils (5.2.2-1.3) ...
update-alternatives: using /usr/bin/xz to provide /usr/bin/lzma (lzma) in auto mode
Setting up libtext-iconv-perl (1.7-5build6) ...
Setting up libaprutil1:amd64 (1.6.1-3) ...
Setting up libheimbase1-heimdal:amd64 (7.5.0+dfsg-2) ...
Setting up php-common (1:62) ...
Created symlink /etc/systemd/system/timers.target.wants/phpsessionclean.timer -> /lib/systemd/system/phpsessionclean.timer.
Setting up libltdl7:amd64 (2.4.6-4) ...
Setting up libluajit-5.1-2:amd64 (2.1.0~beta3+dfsg-5.1) ...
Setting up openssl (1.1.1-1ubuntu2) ...
Setting up vim-common (2:8.0.1766-1ubuntu1) ...
Setting up libsqlite3-0:amd64 (3.24.0-1) ...
Setting up libnginx-mod-mail (1.15.5-0ubuntu1) ...
Setting up libfribidi0:amd64 (1.0.5-3) ...
Setting up liblocale-gettext-perl (1.07-3build2) ...
Setting up dmsetup (2:1.02.145-4.1ubuntu3) ...
update-initramfs: deferring update (trigger activated)
Setting up libnfnetlink0:amd64 (1.0.1-3) ...
Setting up vim-runtime (2:8.0.1766-1ubuntu1) ...
Setting up libmpc3:amd64 (1.1.0-1) ...
Setting up libstdc++6:amd64 (8.2.0-7ubuntu1) ...
Setting up libmysqlclient20:amd64 (5.7.23-2ubuntu1) ...
Setting up libtext-charwidth-perl (0.04-7.1) ...
Setting up libc-dev-bin (2.28-0ubuntu1) ...
Setting up liblua5.2-0:amd64 (5.2.4-1.1build1) ...
Setting up initramfs-tools-bin (0.131ubuntu15) ...
Setting up libxdmcp6:amd64 (1:1.1.2-3) ...
Setting up libgdbm-compat4:amd64 (1.14.1-6) ...
Setting up libkeyutils1:amd64 (1.5.9-9.3) ...
Setting up net-tools (1.60+git20161116.90da8a0-2ubuntu1) ...
Setting up ca-certificates (20180409) ...
Updating certificates in /etc/ssl/certs...
133 added, 0 removed; done.
Setting up libc6-dev:amd64 (2.28-0ubuntu1) ...
Setting up libslang2:amd64 (2.3.2-1ubuntu1) ...
Setting up libasan5:amd64 (8.2.0-7ubuntu1) ...
Setting up cron (3.0pl1-128.1ubuntu1) ...
Adding group `crontab' (GID 107) ...
Done.
Created symlink /etc/systemd/system/multi-user.target.wants/cron.service -> /lib/systemd/system/cron.service.
update-rc.d: warning: start and stop actions are no longer supported; falling back to defaults
Running in chroot, ignoring request.
invoke-rc.d: policy-rc.d denied execution of start.
Setting up libmnl0:amd64 (1.0.4-2) ...
Setting up xdg-user-dirs (0.17-1ubuntu1) ...
Setting up locales (2.28-0ubuntu1) ...
Generating locales (this might take a while)...
Generation complete.
Setting up libnginx-mod-http-geoip (1.15.5-0ubuntu1) ...
Setting up logrotate (3.14.0-4ubuntu1) ...
Created symlink /etc/systemd/system/timers.target.wants/logrotate.timer -> /lib/systemd/system/logrotate.timer.
Setting up libitm1:amd64 (8.2.0-7ubuntu1) ...
Setting up libx11-data (2:1.6.7-1) ...
Setting up libxau6:amd64 (1:1.0.8-1) ...
Setting up libmpdec2:amd64 (2.4.2-2) ...
Setting up rsyslog (8.32.0-1ubuntu5) ...

Creating config file /etc/rsyslog.d/50-default.conf with new version
Adding user `syslog' to group `adm' ...
Adding user syslog to group adm
Done.
Created symlink /etc/systemd/system/syslog.service -> /lib/systemd/system/rsyslog.service.
Created symlink /etc/systemd/system/multi-user.target.wants/rsyslog.service -> /lib/systemd/system/rsyslog.service.
Running in chroot, ignoring request.
invoke-rc.d: policy-rc.d denied execution of start.
Setting up ubuntu-keyring (2018.09.18.1) ...
Setting up libdbus-1-3:amd64 (1.12.10-1ubuntu2) ...
Setting up libip6tc0:amd64 (1.6.1-2ubuntu2) ...
Setting up eject (2.1.5+deb1+cvs20081104-13.2) ...
Setting up netbase (5.4) ...
Setting up libwebp6:amd64 (0.6.1-2) ...
Setting up libjpeg8:amd64 (8c-2ubuntu8) ...
Setting up libubsan1:amd64 (8.2.0-7ubuntu1) ...
Setting up libisl19:amd64 (0.20-2) ...
Setting up vim-tiny (2:8.0.1766-1ubuntu1) ...
update-alternatives: using /usr/bin/vim.tiny to provide /usr/bin/rview (rview) in auto mode
update-alternatives: using /usr/bin/vim.tiny to provide /usr/bin/vi (vi) in auto mode
update-alternatives: using /usr/bin/vim.tiny to provide /usr/bin/view (view) in auto mode
update-alternatives: using /usr/bin/vim.tiny to provide /usr/bin/ex (ex) in auto mode
update-alternatives: using /usr/bin/vim.tiny to provide /usr/bin/editor (editor) in auto mode
Setting up cpp-8 (8.2.0-7ubuntu1) ...
Setting up cpp (4:8.2.0-1ubuntu1) ...
Setting up libapt-pkg5.0:amd64 (1.7.0) ...
Setting up libpython3.6-stdlib:amd64 (3.6.7~rc1-1) ...
Setting up libapt-inst2.0:amd64 (1.7.0) ...
Setting up keyboard-configuration (1.178ubuntu9) ...
%@Couldn't get a file descriptor referring to the console
update-initramfs: deferring update (trigger activated)
Setting up libk5crypto3:amd64 (1.16-2ubuntu1) ...
Setting up libicu60:amd64 (60.2-6ubuntu1) ...
Setting up libcc1-0:amd64 (8.2.0-7ubuntu1) ...
Setting up fontconfig-config (2.13.0-5ubuntu3) ...
Setting up klibc-utils (2.0.4-9ubuntu2) ...
Setting up libjemalloc2:amd64 (5.1.0-1) ...
Setting up redis-tools (5:4.0.11-2) ...
Setting up libnetfilter-conntrack3:amd64 (1.0.7-1) ...
Setting up python3.6 (3.6.7~rc1-1) ...
Setting up libdns-export1102 (1:9.11.4+dfsg-3ubuntu5) ...
Setting up php7.2-common (7.2.10-0ubuntu1) ...

Creating config file /etc/php/7.2/mods-available/calendar.ini with new version

Creating config file /etc/php/7.2/mods-available/ctype.ini with new version

Creating config file /etc/php/7.2/mods-available/exif.ini with new version

Creating config file /etc/php/7.2/mods-available/fileinfo.ini with new version

Creating config file /etc/php/7.2/mods-available/ftp.ini with new version

Creating config file /etc/php/7.2/mods-available/gettext.ini with new version

Creating config file /etc/php/7.2/mods-available/iconv.ini with new version

Creating config file /etc/php/7.2/mods-available/pdo.ini with new version

Creating config file /etc/php/7.2/mods-available/phar.ini with new version

Creating config file /etc/php/7.2/mods-available/posix.ini with new version

Creating config file /etc/php/7.2/mods-available/shmop.ini with new version

Creating config file /etc/php/7.2/mods-available/sockets.ini with new version

Creating config file /etc/php/7.2/mods-available/sysvmsg.ini with new version

Creating config file /etc/php/7.2/mods-available/sysvsem.ini with new version

Creating config file /etc/php/7.2/mods-available/sysvshm.ini with new version

Creating config file /etc/php/7.2/mods-available/tokenizer.ini with new version
Setting up libnginx-mod-stream (1.15.5-0ubuntu1) ...
Setting up libwind0-heimdal:amd64 (7.5.0+dfsg-2) ...
Setting up libaprutil1-dbd-sqlite3:amd64 (1.6.1-3) ...
Setting up libbinutils:amd64 (2.31.1-6ubuntu1) ...
Setting up initramfs-tools-core (0.131ubuntu15) ...
Setting up apache2-utils (2.4.34-1ubuntu2) ...
Setting up libasn1-8-heimdal:amd64 (7.5.0+dfsg-2) ...
Setting up libhcrypto4-heimdal:amd64 (7.5.0+dfsg-2) ...
Setting up libtiff5:amd64 (4.0.9-6) ...
Setting up initramfs-tools (0.131ubuntu15) ...
update-initramfs: deferring update (trigger activated)
Setting up file (1:5.34-2) ...
Setting up iproute2 (4.18.0-1ubuntu2) ...
Setting up libhx509-5-heimdal:amd64 (7.5.0+dfsg-2) ...
Setting up libxml2:amd64 (2.9.4+dfsg1-7ubuntu1) ...
Setting up isc-dhcp-client (4.3.5-3ubuntu9) ...
Setting up libxslt1.1:amd64 (1.1.32-2) ...
Setting up haveged (1.9.1-6) ...
Created symlink /etc/systemd/system/default.target.wants/haveged.service -> /lib/systemd/system/haveged.service.
Running in chroot, ignoring request.
invoke-rc.d: policy-rc.d denied execution of start.
Setting up php7.2-readline (7.2.10-0ubuntu1) ...

Creating config file /etc/php/7.2/mods-available/readline.ini with new version
Setting up libperl5.26:amd64 (5.26.2-7) ...
Setting up iptables (1.6.1-2ubuntu2) ...
Setting up libtext-wrapi18n-perl (0.06-7.1) ...
Setting up apt (1.7.0) ...
Created symlink /etc/systemd/system/timers.target.wants/apt-daily-upgrade.timer -> /lib/systemd/system/apt-daily-upgrade.timer.
Created symlink /etc/systemd/system/timers.target.wants/apt-daily.timer -> /lib/systemd/system/apt-daily.timer.
Setting up shared-mime-info (1.10-1) ...
Setting up php7.2-json (7.2.10-0ubuntu1) ...

Creating config file /etc/php/7.2/mods-available/json.ini with new version
Setting up libnginx-mod-http-xslt-filter (1.15.5-0ubuntu1) ...
Setting up libgcc-8-dev:amd64 (8.2.0-7ubuntu1) ...
Setting up libkrb5-3:amd64 (1.16-2ubuntu1) ...
Setting up libkrb5-26-heimdal:amd64 (7.5.0+dfsg-2) ...
Setting up dbus (1.12.10-1ubuntu2) ...
Setting up libnewt0.52:amd64 (0.52.20-6ubuntu1) ...
update-alternatives: using /etc/newt/palette.ubuntu to provide /etc/newt/palette (newt-palette) in auto mode
Setting up redis-server (5:4.0.11-2) ...
Running in chroot, ignoring request.
invoke-rc.d: policy-rc.d denied execution of start.
Created symlink /etc/systemd/system/redis.service -> /lib/systemd/system/redis-server.service.
Created symlink /etc/systemd/system/multi-user.target.wants/redis-server.service -> /lib/systemd/system/redis-server.service.
Setting up libxcb1:amd64 (1.13.1-1) ...
Setting up libheimntlm0-heimdal:amd64 (7.5.0+dfsg-2) ...
Setting up libpython3.6:amd64 (3.6.7~rc1-1) ...
Setting up php7.2-opcache (7.2.10-0ubuntu1) ...

Creating config file /etc/php/7.2/mods-available/opcache.ini with new version
Setting up binutils-x86-64-linux-gnu (2.31.1-6ubuntu1) ...
Setting up libpython3-stdlib:amd64 (3.6.6-1) ...
Setting up libfontconfig1:amd64 (2.13.0-5ubuntu3) ...
Setting up libstdc++-8-dev:amd64 (8.2.0-7ubuntu1) ...
Setting up libpam-systemd:amd64 (239-7ubuntu10) ...
Setting up python3 (3.6.6-1) ...
Setting up vim (2:8.0.1766-1ubuntu1) ...
update-alternatives: using /usr/bin/vim.basic to provide /usr/bin/vim (vim) in auto mode
update-alternatives: using /usr/bin/vim.basic to provide /usr/bin/vimdiff (vimdiff) in auto mode
update-alternatives: using /usr/bin/vim.basic to provide /usr/bin/rvim (rvim) in auto mode
update-alternatives: using /usr/bin/vim.basic to provide /usr/bin/rview (rview) in auto mode
update-alternatives: using /usr/bin/vim.basic to provide /usr/bin/vi (vi) in auto mode
update-alternatives: using /usr/bin/vim.basic to provide /usr/bin/view (view) in auto mode
update-alternatives: using /usr/bin/vim.basic to provide /usr/bin/ex (ex) in auto mode
update-alternatives: using /usr/bin/vim.basic to provide /usr/bin/editor (editor) in auto mode
Setting up apt-utils (1.7.0) ...
Setting up debconf-i18n (1.5.69) ...
Setting up whiptail (0.52.20-6ubuntu1) ...
Setting up libx11-6:amd64 (2:1.6.7-1) ...
Setting up python3-gi (3.30.1-1ubuntu1) ...
Setting up lsb-release (9.20170808ubuntu1) ...
Setting up python3-netifaces (0.10.4-1build1) ...
Setting up libgssapi-krb5-2:amd64 (1.16-2ubuntu1) ...
Setting up perl (5.26.2-7) ...
Setting up php7.2-cli (7.2.10-0ubuntu1) ...
update-alternatives: using /usr/bin/php7.2 to provide /usr/bin/php (php) in auto mode
update-alternatives: using /usr/bin/phar7.2 to provide /usr/bin/phar (phar) in auto mode
update-alternatives: using /usr/bin/phar.phar7.2 to provide /usr/bin/phar.phar (phar.phar) in auto mode

Creating config file /etc/php/7.2/cli/php.ini with new version
Setting up libxpm4:amd64 (1:3.5.12-1) ...
Setting up binutils (2.31.1-6ubuntu1) ...
Setting up libgssapi3-heimdal:amd64 (7.5.0+dfsg-2) ...
Setting up python3-yaml (3.12-1build3) ...
Setting up python3-dbus (1.2.8-2build1) ...
Setting up memcached (1.5.10-0ubuntu1) ...
Created symlink /etc/systemd/system/multi-user.target.wants/memcached.service -> /lib/systemd/system/memcached.service.
Running in chroot, ignoring request.
invoke-rc.d: policy-rc.d denied execution of start.
Setting up libdpkg-perl (1.19.0.5ubuntu5) ...
Setting up libgd3:amd64 (2.2.5-4ubuntu1) ...
Setting up netplan.io (0.40.2) ...
Setting up gcc-8 (8.2.0-7ubuntu1) ...
Setting up g++-8 (8.2.0-7ubuntu1) ...
Setting up dpkg-dev (1.19.0.5ubuntu5) ...
Setting up libldap-2.4-2:amd64 (2.4.46+dfsg-5ubuntu1) ...
Setting up networkd-dispatcher (1.7-0ubuntu8) ...
Created symlink /etc/systemd/system/multi-user.target.wants/networkd-dispatcher.service -> /lib/systemd/system/networkd-dispatcher.service.
Setting up libaprutil1-ldap:amd64 (1.6.1-3) ...
Setting up libnginx-mod-http-image-filter (1.15.5-0ubuntu1) ...
Setting up apache2-bin (2.4.34-1ubuntu2) ...
Setting up gcc (4:8.2.0-1ubuntu1) ...
Setting up libpq5:amd64 (10.5-1) ...
Setting up nginx-core (1.15.5-0ubuntu1) ...
Running in chroot, ignoring request.
invoke-rc.d: policy-rc.d denied execution of start.
Setting up g++ (4:8.2.0-1ubuntu1) ...
update-alternatives: using /usr/bin/g++ to provide /usr/bin/c++ (c++) in auto mode
Setting up sysbench (1.0.11+ds-1) ...
Setting up libapache2-mod-php7.2 (7.2.10-0ubuntu1) ...
Package apache2 is not configured yet. Will defer actions by package libapache2-mod-php7.2.

Creating config file /etc/php/7.2/apache2/php.ini with new version
No module matches 
Setting up apache2 (2.4.34-1ubuntu2) ...
Enabling module mpm_event.
Enabling module authz_core.
Enabling module authz_host.
Enabling module authn_core.
Enabling module auth_basic.
Enabling module access_compat.
Enabling module authn_file.
Enabling module authz_user.
Enabling module alias.
Enabling module dir.
Enabling module autoindex.
Enabling module env.
Enabling module mime.
Enabling module negotiation.
Enabling module setenvif.
Enabling module filter.
Enabling module deflate.
Enabling module status.
Enabling module reqtimeout.
Enabling conf charset.
Enabling conf localized-error-pages.
Enabling conf other-vhosts-access-log.
Enabling conf security.
Enabling conf serve-cgi-bin.
Enabling site 000-default.
info: Switch to mpm prefork for package libapache2-mod-php7.2
Module mpm_event disabled.
Enabling module mpm_prefork.
info: Executing deferred 'a2enmod php7.2' for package libapache2-mod-php7.2
Enabling module php7.2.
Created symlink /etc/systemd/system/multi-user.target.wants/apache2.service -> /lib/systemd/system/apache2.service.
Created symlink /etc/systemd/system/multi-user.target.wants/apache-htcacheclean.service -> /lib/systemd/system/apache-htcacheclean.service.
Running in chroot, ignoring request.
invoke-rc.d: policy-rc.d denied execution of start.
Setting up build-essential (12.5ubuntu2) ...
Setting up nginx (1.15.5-0ubuntu1) ...
Setting up php7.2 (7.2.10-0ubuntu1) ...
Setting up php (1:7.2+62) ...
Setting up console-setup (1.178ubuntu9) ...
update-initramfs: deferring update (trigger activated)
Setting up kbd (2.0.4-2ubuntu1) ...
Setting up ubuntu-minimal (1.425) ...
Setting up console-setup-linux (1.178ubuntu9) ...
update-alternatives: using /etc/console-setup/vtrgb to provide /etc/vtrgb (vtrgb) in auto mode
Created symlink /etc/systemd/system/sysinit.target.wants/keyboard-setup.service -> /lib/systemd/system/keyboard-setup.service.
Created symlink /etc/systemd/system/multi-user.target.wants/console-setup.service -> /lib/systemd/system/console-setup.service.
Created symlink /etc/systemd/system/sysinit.target.wants/setvtrgb.service -> /lib/systemd/system/setvtrgb.service.
Processing triggers for libc-bin (2.28-0ubuntu1) ...
Processing triggers for systemd (239-7ubuntu10) ...
Processing triggers for ca-certificates (20180409) ...
Updating certificates in /etc/ssl/certs...
0 added, 0 removed; done.
Running hooks in /etc/ca-certificates/update.d...
done.
Processing triggers for initramfs-tools (0.131ubuntu15) ...
